<?xml version="1.0" encoding="UTF-8"?>
<!-- Generated by org.testng.reporters.JUnitReportReporter -->
<testsuite hostname="lyf-ZHAOYANG-E41-80" failures="0" tests="4" name="hust.cs.javacourse.search.index.TermTupleTest" time="0.012" errors="0" timestamp="16 May 2021 08:17:26 GMT" skipped="0">
  <testcase classname="hust.cs.javacourse.search.index.TermTupleTest" name="testTestToString" time="0.010"/>
  <testcase classname="hust.cs.javacourse.search.index.TermTupleTest" name="testTestEquals" time="0.001"/>
  <testcase classname="hust.cs.javacourse.search.index.TermTupleTest" name="testTestEquals" time="0.000"/>
  <testcase classname="hust.cs.javacourse.search.index.TermTupleTest" name="testTestEquals" time="0.001"/>
</testsuite> <!-- hust.cs.javacourse.search.index.TermTupleTest -->
