<?xml version="1.0" encoding="UTF-8"?>
<!-- Generated by org.testng.reporters.JUnitReportReporter -->
<testsuite hostname="lyf-ZHAOYANG-E41-80" failures="0" tests="3" name="hust.cs.javacourse.search.parse.StopWordTermTupleFilterTest" time="0.005" errors="0" timestamp="17 May 2021 02:24:04 GMT" skipped="0">
  <testcase classname="hust.cs.javacourse.search.parse.StopWordTermTupleFilterTest" name="testNext" time="0.002"/>
  <testcase classname="hust.cs.javacourse.search.parse.StopWordTermTupleFilterTest" name="testNext" time="0.001"/>
  <testcase classname="hust.cs.javacourse.search.parse.StopWordTermTupleFilterTest" name="testNext" time="0.002"/>
</testsuite> <!-- hust.cs.javacourse.search.parse.StopWordTermTupleFilterTest -->
