<?xml version="1.0" encoding="UTF-8"?>
<!-- Generated by org.testng.reporters.JUnitReportReporter -->
<testsuite hostname="lyf-ZHAOYANG-E41-80" failures="0" tests="10" name="hust.cs.javacourse.search.index.IndexTest" time="0.042" errors="0" timestamp="17 May 2021 02:24:04 GMT" skipped="0">
  <testcase classname="hust.cs.javacourse.search.index.IndexTest" name="testGetDictionary" time="0.000"/>
  <testcase classname="hust.cs.javacourse.search.index.IndexTest" name="testAddDocument" time="0.002"/>
  <testcase classname="hust.cs.javacourse.search.index.IndexTest" name="testTestToString" time="0.001"/>
  <testcase classname="hust.cs.javacourse.search.index.IndexTest" name="testSearch" time="0.001"/>
  <testcase classname="hust.cs.javacourse.search.index.IndexTest" name="testGetDocName" time="0.001"/>
  <testcase classname="hust.cs.javacourse.search.index.IndexTest" name="testWriteObject" time="0.009"/>
  <testcase classname="hust.cs.javacourse.search.index.IndexTest" name="testReadObject" time="0.007"/>
  <testcase classname="hust.cs.javacourse.search.index.IndexTest" name="testOptimize" time="0.000"/>
  <testcase classname="hust.cs.javacourse.search.index.IndexTest" name="testLoad" time="0.013"/>
  <testcase classname="hust.cs.javacourse.search.index.IndexTest" name="testSave" time="0.008"/>
</testsuite> <!-- hust.cs.javacourse.search.index.IndexTest -->
