<?xml version="1.0" encoding="UTF-8"?>
<!-- Generated by org.testng.reporters.JUnitReportReporter -->
<testsuite hostname="lyf-ZHAOYANG-E41-80" failures="1" tests="15" name="homework.ch11_13.FacultyTest" time="0.015" errors="3" timestamp="20 Apr 2021 12:35:50 GMT" skipped="0">
  <testcase classname="homework.ch11_13.FacultyTest" name="testGetEmail" time="0.000"/>
  <testcase classname="homework.ch11_13.FacultyTest" name="testTestEquals" time="0.000"/>
  <testcase classname="homework.ch11_13.FacultyTest" name="testTestClone" time="0.001">
    <failure message="expected [true] but found [false]" type="java.lang.AssertionError">
      <![CDATA[java.lang.AssertionError: expected [true] but found [false]
at org.testng.Assert.fail(Assert.java:96)
at org.testng.Assert.failNotEquals(Assert.java:776)
at org.testng.Assert.assertTrue(Assert.java:44)
at org.testng.Assert.assertTrue(Assert.java:54)
at homework.ch11_13.FacultyTest.testTestClone(FacultyTest.java:80)
at java.base/jdk.internal.reflect.NativeMethodAccessorImpl.invoke0(Native Method)
at java.base/jdk.internal.reflect.NativeMethodAccessorImpl.invoke(NativeMethodAccessorImpl.java:62)
at java.base/jdk.internal.reflect.DelegatingMethodAccessorImpl.invoke(DelegatingMethodAccessorImpl.java:43)
at java.base/java.lang.reflect.Method.invoke(Method.java:567)
at org.testng.internal.MethodInvocationHelper.invokeMethod(MethodInvocationHelper.java:124)
at org.testng.internal.Invoker.invokeMethod(Invoker.java:583)
at org.testng.internal.Invoker.invokeTestMethod(Invoker.java:719)
at org.testng.internal.Invoker.invokeTestMethods(Invoker.java:989)
at org.testng.internal.TestMethodWorker.invokeTestMethods(TestMethodWorker.java:125)
at org.testng.internal.TestMethodWorker.run(TestMethodWorker.java:109)
at org.testng.TestRunner.privateRun(TestRunner.java:648)
at org.testng.TestRunner.run(TestRunner.java:505)
at org.testng.SuiteRunner.runTest(SuiteRunner.java:455)
at org.testng.SuiteRunner.runSequentially(SuiteRunner.java:450)
at org.testng.SuiteRunner.privateRun(SuiteRunner.java:415)
at org.testng.SuiteRunner.run(SuiteRunner.java:364)
at org.testng.SuiteRunnerWorker.runSuite(SuiteRunnerWorker.java:52)
at org.testng.SuiteRunnerWorker.run(SuiteRunnerWorker.java:84)
at org.testng.TestNG.runSuitesSequentially(TestNG.java:1208)
at org.testng.TestNG.runSuitesSequentially(TestNG.java:1204)
at org.testng.TestNG.runSuitesLocally(TestNG.java:1137)
at org.testng.TestNG.runSuites(TestNG.java:1049)
at org.testng.TestNG.run(TestNG.java:1017)
at org.testng.TestNG.privateMain(TestNG.java:1354)
at org.testng.TestNG.main(TestNG.java:1323)
]]>
    </failure>
  </testcase> <!-- testTestClone -->
  <testcase classname="homework.ch11_13.FacultyTest" name="testGetFacultyId" time="0.006">
    <error type="java.lang.StackOverflowError">
      <![CDATA[java.lang.StackOverflowError
at homework.ch11_13.p3.Faculty.getFacultyId(Faculty.java:23)
at homework.ch11_13.p3.Faculty.getFacultyId(Faculty.java:23)
at homework.ch11_13.p3.Faculty.getFacultyId(Faculty.java:23)
at homework.ch11_13.p3.Faculty.getFacultyId(Faculty.java:23)
at homework.ch11_13.p3.Faculty.getFacultyId(Faculty.java:23)
at homework.ch11_13.p3.Faculty.getFacultyId(Faculty.java:23)
at homework.ch11_13.p3.Faculty.getFacultyId(Faculty.java:23)
at homework.ch11_13.p3.Faculty.getFacultyId(Faculty.java:23)
at homework.ch11_13.p3.Faculty.getFacultyId(Faculty.java:23)
at homework.ch11_13.p3.Faculty.getFacultyId(Faculty.java:23)
at homework.ch11_13.p3.Faculty.getFacultyId(Faculty.java:23)
at homework.ch11_13.p3.Faculty.getFacultyId(Faculty.java:23)
at homework.ch11_13.p3.Faculty.getFacultyId(Faculty.java:23)
at homework.ch11_13.p3.Faculty.getFacultyId(Faculty.java:23)
at homework.ch11_13.p3.Faculty.getFacultyId(Faculty.java:23)
at homework.ch11_13.p3.Faculty.getFacultyId(Faculty.java:23)
at homework.ch11_13.p3.Faculty.getFacultyId(Faculty.java:23)
at homework.ch11_13.p3.Faculty.getFacultyId(Faculty.java:23)
at homework.ch11_13.p3.Faculty.getFacultyId(Faculty.java:23)
at homework.ch11_13.p3.Faculty.getFacultyId(Faculty.java:23)
at homework.ch11_13.p3.Faculty.getFacultyId(Faculty.java:23)
at homework.ch11_13.p3.Faculty.getFacultyId(Faculty.java:23)
at homework.ch11_13.p3.Faculty.getFacultyId(Faculty.java:23)
at homework.ch11_13.p3.Faculty.getFacultyId(Faculty.java:23)
at homework.ch11_13.p3.Faculty.getFacultyId(Faculty.java:23)
at homework.ch11_13.p3.Faculty.getFacultyId(Faculty.java:23)
at homework.ch11_13.p3.Faculty.getFacultyId(Faculty.java:23)
at homework.ch11_13.p3.Faculty.getFacultyId(Faculty.java:23)
at homework.ch11_13.p3.Faculty.getFacultyId(Faculty.java:23)
at homework.ch11_13.p3.Faculty.getFacultyId(Faculty.java:23)
at homework.ch11_13.p3.Faculty.getFacultyId(Faculty.java:23)
at homework.ch11_13.p3.Faculty.getFacultyId(Faculty.java:23)
at homework.ch11_13.p3.Faculty.getFacultyId(Faculty.java:23)
at homework.ch11_13.p3.Faculty.getFacultyId(Faculty.java:23)
at homework.ch11_13.p3.Faculty.getFacultyId(Faculty.java:23)
at homework.ch11_13.p3.Faculty.getFacultyId(Faculty.java:23)
at homework.ch11_13.p3.Faculty.getFacultyId(Faculty.java:23)
at homework.ch11_13.p3.Faculty.getFacultyId(Faculty.java:23)
at homework.ch11_13.p3.Faculty.getFacultyId(Faculty.java:23)
at homework.ch11_13.p3.Faculty.getFacultyId(Faculty.java:23)
at homework.ch11_13.p3.Faculty.getFacultyId(Faculty.java:23)
at homework.ch11_13.p3.Faculty.getFacultyId(Faculty.java:23)
at homework.ch11_13.p3.Faculty.getFacultyId(Faculty.java:23)
at homework.ch11_13.p3.Faculty.getFacultyId(Faculty.java:23)
at homework.ch11_13.p3.Faculty.getFacultyId(Faculty.java:23)
at homework.ch11_13.p3.Faculty.getFacultyId(Faculty.java:23)
at homework.ch11_13.p3.Faculty.getFacultyId(Faculty.java:23)
at homework.ch11_13.p3.Faculty.getFacultyId(Faculty.java:23)
at homework.ch11_13.p3.Faculty.getFacultyId(Faculty.java:23)
at homework.ch11_13.p3.Faculty.getFacultyId(Faculty.java:23)
at homework.ch11_13.p3.Faculty.getFacultyId(Faculty.java:23)
at homework.ch11_13.p3.Faculty.getFacultyId(Faculty.java:23)
at homework.ch11_13.p3.Faculty.getFacultyId(Faculty.java:23)
at homework.ch11_13.p3.Faculty.getFacultyId(Faculty.java:23)
at homework.ch11_13.p3.Faculty.getFacultyId(Faculty.java:23)
at homework.ch11_13.p3.Faculty.getFacultyId(Faculty.java:23)
at homework.ch11_13.p3.Faculty.getFacultyId(Faculty.java:23)
at homework.ch11_13.p3.Faculty.getFacultyId(Faculty.java:23)
at homework.ch11_13.p3.Faculty.getFacultyId(Faculty.java:23)
at homework.ch11_13.p3.Faculty.getFacultyId(Faculty.java:23)
at homework.ch11_13.p3.Faculty.getFacultyId(Faculty.java:23)
at homework.ch11_13.p3.Faculty.getFacultyId(Faculty.java:23)
at homework.ch11_13.p3.Faculty.getFacultyId(Faculty.java:23)
at homework.ch11_13.p3.Faculty.getFacultyId(Faculty.java:23)
at homework.ch11_13.p3.Faculty.getFacultyId(Faculty.java:23)
at homework.ch11_13.p3.Faculty.getFacultyId(Faculty.java:23)
at homework.ch11_13.p3.Faculty.getFacultyId(Faculty.java:23)
at homework.ch11_13.p3.Faculty.getFacultyId(Faculty.java:23)
at homework.ch11_13.p3.Faculty.getFacultyId(Faculty.java:23)
at homework.ch11_13.p3.Faculty.getFacultyId(Faculty.java:23)
at homework.ch11_13.p3.Faculty.getFacultyId(Faculty.java:23)
at homework.ch11_13.p3.Faculty.getFacultyId(Faculty.java:23)
at homework.ch11_13.p3.Faculty.getFacultyId(Faculty.java:23)
at homework.ch11_13.p3.Faculty.getFacultyId(Faculty.java:23)
at homework.ch11_13.p3.Faculty.getFacultyId(Faculty.java:23)
at homework.ch11_13.p3.Faculty.getFacultyId(Faculty.java:23)
at homework.ch11_13.p3.Faculty.getFacultyId(Faculty.java:23)
at homework.ch11_13.p3.Faculty.getFacultyId(Faculty.java:23)
at homework.ch11_13.p3.Faculty.getFacultyId(Faculty.java:23)
at homework.ch11_13.p3.Faculty.getFacultyId(Faculty.java:23)
at homework.ch11_13.p3.Faculty.getFacultyId(Faculty.java:23)
at homework.ch11_13.p3.Faculty.getFacultyId(Faculty.java:23)
at homework.ch11_13.p3.Faculty.getFacultyId(Faculty.java:23)
at homework.ch11_13.p3.Faculty.getFacultyId(Faculty.java:23)
at homework.ch11_13.p3.Faculty.getFacultyId(Faculty.java:23)
at homework.ch11_13.p3.Faculty.getFacultyId(Faculty.java:23)
at homework.ch11_13.p3.Faculty.getFacultyId(Faculty.java:23)
at homework.ch11_13.p3.Faculty.getFacultyId(Faculty.java:23)
at homework.ch11_13.p3.Faculty.getFacultyId(Faculty.java:23)
at homework.ch11_13.p3.Faculty.getFacultyId(Faculty.java:23)
at homework.ch11_13.p3.Faculty.getFacultyId(Faculty.java:23)
at homework.ch11_13.p3.Faculty.getFacultyId(Faculty.java:23)
at homework.ch11_13.p3.Faculty.getFacultyId(Faculty.java:23)
at homework.ch11_13.p3.Faculty.getFacultyId(Faculty.java:23)
at homework.ch11_13.p3.Faculty.getFacultyId(Faculty.java:23)
at homework.ch11_13.p3.Faculty.getFacultyId(Faculty.java:23)
at homework.ch11_13.p3.Faculty.getFacultyId(Faculty.java:23)
at homework.ch11_13.p3.Faculty.getFacultyId(Faculty.java:23)
at homework.ch11_13.p3.Faculty.getFacultyId(Faculty.java:23)
at homework.ch11_13.p3.Faculty.getFacultyId(Faculty.java:23)
at homework.ch11_13.p3.Faculty.getFacultyId(Faculty.java:23)
at homework.ch11_13.p3.Faculty.getFacultyId(Faculty.java:23)
at homework.ch11_13.p3.Faculty.getFacultyId(Faculty.java:23)
at homework.ch11_13.p3.Faculty.getFacultyId(Faculty.java:23)
at homework.ch11_13.p3.Faculty.getFacultyId(Faculty.java:23)
at homework.ch11_13.p3.Faculty.getFacultyId(Faculty.java:23)
at homework.ch11_13.p3.Faculty.getFacultyId(Faculty.java:23)
at homework.ch11_13.p3.Faculty.getFacultyId(Faculty.java:23)
at homework.ch11_13.p3.Faculty.getFacultyId(Faculty.java:23)
at homework.ch11_13.p3.Faculty.getFacultyId(Faculty.java:23)
at homework.ch11_13.p3.Faculty.getFacultyId(Faculty.java:23)
at homework.ch11_13.p3.Faculty.getFacultyId(Faculty.java:23)
at homework.ch11_13.p3.Faculty.getFacultyId(Faculty.java:23)
at homework.ch11_13.p3.Faculty.getFacultyId(Faculty.java:23)
at homework.ch11_13.p3.Faculty.getFacultyId(Faculty.java:23)
at homework.ch11_13.p3.Faculty.getFacultyId(Faculty.java:23)
at homework.ch11_13.p3.Faculty.getFacultyId(Faculty.java:23)
at homework.ch11_13.p3.Faculty.getFacultyId(Faculty.java:23)
at homework.ch11_13.p3.Faculty.getFacultyId(Faculty.java:23)
at homework.ch11_13.p3.Faculty.getFacultyId(Faculty.java:23)
at homework.ch11_13.p3.Faculty.getFacultyId(Faculty.java:23)
at homework.ch11_13.p3.Faculty.getFacultyId(Faculty.java:23)
at homework.ch11_13.p3.Faculty.getFacultyId(Faculty.java:23)
at homework.ch11_13.p3.Faculty.getFacultyId(Faculty.java:23)
at homework.ch11_13.p3.Faculty.getFacultyId(Faculty.java:23)
at homework.ch11_13.p3.Faculty.getFacultyId(Faculty.java:23)
at homework.ch11_13.p3.Faculty.getFacultyId(Faculty.java:23)
at homework.ch11_13.p3.Faculty.getFacultyId(Faculty.java:23)
at homework.ch11_13.p3.Faculty.getFacultyId(Faculty.java:23)
at homework.ch11_13.p3.Faculty.getFacultyId(Faculty.java:23)
at homework.ch11_13.p3.Faculty.getFacultyId(Faculty.java:23)
at homework.ch11_13.p3.Faculty.getFacultyId(Faculty.java:23)
at homework.ch11_13.p3.Faculty.getFacultyId(Faculty.java:23)
at homework.ch11_13.p3.Faculty.getFacultyId(Faculty.java:23)
at homework.ch11_13.p3.Faculty.getFacultyId(Faculty.java:23)
at homework.ch11_13.p3.Faculty.getFacultyId(Faculty.java:23)
at homework.ch11_13.p3.Faculty.getFacultyId(Faculty.java:23)
at homework.ch11_13.p3.Faculty.getFacultyId(Faculty.java:23)
at homework.ch11_13.p3.Faculty.getFacultyId(Faculty.java:23)
at homework.ch11_13.p3.Faculty.getFacultyId(Faculty.java:23)
at homework.ch11_13.p3.Faculty.getFacultyId(Faculty.java:23)
at homework.ch11_13.p3.Faculty.getFacultyId(Faculty.java:23)
at homework.ch11_13.p3.Faculty.getFacultyId(Faculty.java:23)
at homework.ch11_13.p3.Faculty.getFacultyId(Faculty.java:23)
at homework.ch11_13.p3.Faculty.getFacultyId(Faculty.java:23)
at homework.ch11_13.p3.Faculty.getFacultyId(Faculty.java:23)
at homework.ch11_13.p3.Faculty.getFacultyId(Faculty.java:23)
at homework.ch11_13.p3.Faculty.getFacultyId(Faculty.java:23)
at homework.ch11_13.p3.Faculty.getFacultyId(Faculty.java:23)
at homework.ch11_13.p3.Faculty.getFacultyId(Faculty.java:23)
at homework.ch11_13.p3.Faculty.getFacultyId(Faculty.java:23)
at homework.ch11_13.p3.Faculty.getFacultyId(Faculty.java:23)
at homework.ch11_13.p3.Faculty.getFacultyId(Faculty.java:23)
at homework.ch11_13.p3.Faculty.getFacultyId(Faculty.java:23)
at homework.ch11_13.p3.Faculty.getFacultyId(Faculty.java:23)
at homework.ch11_13.p3.Faculty.getFacultyId(Faculty.java:23)
at homework.ch11_13.p3.Faculty.getFacultyId(Faculty.java:23)
at homework.ch11_13.p3.Faculty.getFacultyId(Faculty.java:23)
at homework.ch11_13.p3.Faculty.getFacultyId(Faculty.java:23)
at homework.ch11_13.p3.Faculty.getFacultyId(Faculty.java:23)
at homework.ch11_13.p3.Faculty.getFacultyId(Faculty.java:23)
at homework.ch11_13.p3.Faculty.getFacultyId(Faculty.java:23)
at homework.ch11_13.p3.Faculty.getFacultyId(Faculty.java:23)
at homework.ch11_13.p3.Faculty.getFacultyId(Faculty.java:23)
at homework.ch11_13.p3.Faculty.getFacultyId(Faculty.java:23)
at homework.ch11_13.p3.Faculty.getFacultyId(Faculty.java:23)
at homework.ch11_13.p3.Faculty.getFacultyId(Faculty.java:23)
at homework.ch11_13.p3.Faculty.getFacultyId(Faculty.java:23)
at homework.ch11_13.p3.Faculty.getFacultyId(Faculty.java:23)
at homework.ch11_13.p3.Faculty.getFacultyId(Faculty.java:23)
at homework.ch11_13.p3.Faculty.getFacultyId(Faculty.java:23)
at homework.ch11_13.p3.Faculty.getFacultyId(Faculty.java:23)
at homework.ch11_13.p3.Faculty.getFacultyId(Faculty.java:23)
at homework.ch11_13.p3.Faculty.getFacultyId(Faculty.java:23)
at homework.ch11_13.p3.Faculty.getFacultyId(Faculty.java:23)
at homework.ch11_13.p3.Faculty.getFacultyId(Faculty.java:23)
at homework.ch11_13.p3.Faculty.getFacultyId(Faculty.java:23)
at homework.ch11_13.p3.Faculty.getFacultyId(Faculty.java:23)
at homework.ch11_13.p3.Faculty.getFacultyId(Faculty.java:23)
at homework.ch11_13.p3.Faculty.getFacultyId(Faculty.java:23)
at homework.ch11_13.p3.Faculty.getFacultyId(Faculty.java:23)
at homework.ch11_13.p3.Faculty.getFacultyId(Faculty.java:23)
at homework.ch11_13.p3.Faculty.getFacultyId(Faculty.java:23)
at homework.ch11_13.p3.Faculty.getFacultyId(Faculty.java:23)
at homework.ch11_13.p3.Faculty.getFacultyId(Faculty.java:23)
at homework.ch11_13.p3.Faculty.getFacultyId(Faculty.java:23)
at homework.ch11_13.p3.Faculty.getFacultyId(Faculty.java:23)
at homework.ch11_13.p3.Faculty.getFacultyId(Faculty.java:23)
at homework.ch11_13.p3.Faculty.getFacultyId(Faculty.java:23)
at homework.ch11_13.p3.Faculty.getFacultyId(Faculty.java:23)
at homework.ch11_13.p3.Faculty.getFacultyId(Faculty.java:23)
at homework.ch11_13.p3.Faculty.getFacultyId(Faculty.java:23)
at homework.ch11_13.p3.Faculty.getFacultyId(Faculty.java:23)
at homework.ch11_13.p3.Faculty.getFacultyId(Faculty.java:23)
at homework.ch11_13.p3.Faculty.getFacultyId(Faculty.java:23)
at homework.ch11_13.p3.Faculty.getFacultyId(Faculty.java:23)
at homework.ch11_13.p3.Faculty.getFacultyId(Faculty.java:23)
at homework.ch11_13.p3.Faculty.getFacultyId(Faculty.java:23)
at homework.ch11_13.p3.Faculty.getFacultyId(Faculty.java:23)
at homework.ch11_13.p3.Faculty.getFacultyId(Faculty.java:23)
at homework.ch11_13.p3.Faculty.getFacultyId(Faculty.java:23)
at homework.ch11_13.p3.Faculty.getFacultyId(Faculty.java:23)
at homework.ch11_13.p3.Faculty.getFacultyId(Faculty.java:23)
at homework.ch11_13.p3.Faculty.getFacultyId(Faculty.java:23)
at homework.ch11_13.p3.Faculty.getFacultyId(Faculty.java:23)
at homework.ch11_13.p3.Faculty.getFacultyId(Faculty.java:23)
at homework.ch11_13.p3.Faculty.getFacultyId(Faculty.java:23)
at homework.ch11_13.p3.Faculty.getFacultyId(Faculty.java:23)
at homework.ch11_13.p3.Faculty.getFacultyId(Faculty.java:23)
at homework.ch11_13.p3.Faculty.getFacultyId(Faculty.java:23)
at homework.ch11_13.p3.Faculty.getFacultyId(Faculty.java:23)
at homework.ch11_13.p3.Faculty.getFacultyId(Faculty.java:23)
at homework.ch11_13.p3.Faculty.getFacultyId(Faculty.java:23)
at homework.ch11_13.p3.Faculty.getFacultyId(Faculty.java:23)
at homework.ch11_13.p3.Faculty.getFacultyId(Faculty.java:23)
at homework.ch11_13.p3.Faculty.getFacultyId(Faculty.java:23)
at homework.ch11_13.p3.Faculty.getFacultyId(Faculty.java:23)
at homework.ch11_13.p3.Faculty.getFacultyId(Faculty.java:23)
at homework.ch11_13.p3.Faculty.getFacultyId(Faculty.java:23)
at homework.ch11_13.p3.Faculty.getFacultyId(Faculty.java:23)
at homework.ch11_13.p3.Faculty.getFacultyId(Faculty.java:23)
at homework.ch11_13.p3.Faculty.getFacultyId(Faculty.java:23)
at homework.ch11_13.p3.Faculty.getFacultyId(Faculty.java:23)
at homework.ch11_13.p3.Faculty.getFacultyId(Faculty.java:23)
at homework.ch11_13.p3.Faculty.getFacultyId(Faculty.java:23)
at homework.ch11_13.p3.Faculty.getFacultyId(Faculty.java:23)
at homework.ch11_13.p3.Faculty.getFacultyId(Faculty.java:23)
at homework.ch11_13.p3.Faculty.getFacultyId(Faculty.java:23)
at homework.ch11_13.p3.Faculty.getFacultyId(Faculty.java:23)
at homework.ch11_13.p3.Faculty.getFacultyId(Faculty.java:23)
at homework.ch11_13.p3.Faculty.getFacultyId(Faculty.java:23)
at homework.ch11_13.p3.Faculty.getFacultyId(Faculty.java:23)
at homework.ch11_13.p3.Faculty.getFacultyId(Faculty.java:23)
at homework.ch11_13.p3.Faculty.getFacultyId(Faculty.java:23)
at homework.ch11_13.p3.Faculty.getFacultyId(Faculty.java:23)
at homework.ch11_13.p3.Faculty.getFacultyId(Faculty.java:23)
at homework.ch11_13.p3.Faculty.getFacultyId(Faculty.java:23)
at homework.ch11_13.p3.Faculty.getFacultyId(Faculty.java:23)
at homework.ch11_13.p3.Faculty.getFacultyId(Faculty.java:23)
at homework.ch11_13.p3.Faculty.getFacultyId(Faculty.java:23)
at homework.ch11_13.p3.Faculty.getFacultyId(Faculty.java:23)
at homework.ch11_13.p3.Faculty.getFacultyId(Faculty.java:23)
at homework.ch11_13.p3.Faculty.getFacultyId(Faculty.java:23)
at homework.ch11_13.p3.Faculty.getFacultyId(Faculty.java:23)
at homework.ch11_13.p3.Faculty.getFacultyId(Faculty.java:23)
at homework.ch11_13.p3.Faculty.getFacultyId(Faculty.java:23)
at homework.ch11_13.p3.Faculty.getFacultyId(Faculty.java:23)
at homework.ch11_13.p3.Faculty.getFacultyId(Faculty.java:23)
at homework.ch11_13.p3.Faculty.getFacultyId(Faculty.java:23)
at homework.ch11_13.p3.Faculty.getFacultyId(Faculty.java:23)
at homework.ch11_13.p3.Faculty.getFacultyId(Faculty.java:23)
at homework.ch11_13.p3.Faculty.getFacultyId(Faculty.java:23)
at homework.ch11_13.p3.Faculty.getFacultyId(Faculty.java:23)
at homework.ch11_13.p3.Faculty.getFacultyId(Faculty.java:23)
at homework.ch11_13.p3.Faculty.getFacultyId(Faculty.java:23)
at homework.ch11_13.p3.Faculty.getFacultyId(Faculty.java:23)
at homework.ch11_13.p3.Faculty.getFacultyId(Faculty.java:23)
at homework.ch11_13.p3.Faculty.getFacultyId(Faculty.java:23)
at homework.ch11_13.p3.Faculty.getFacultyId(Faculty.java:23)
at homework.ch11_13.p3.Faculty.getFacultyId(Faculty.java:23)
at homework.ch11_13.p3.Faculty.getFacultyId(Faculty.java:23)
at homework.ch11_13.p3.Faculty.getFacultyId(Faculty.java:23)
at homework.ch11_13.p3.Faculty.getFacultyId(Faculty.java:23)
at homework.ch11_13.p3.Faculty.getFacultyId(Faculty.java:23)
at homework.ch11_13.p3.Faculty.getFacultyId(Faculty.java:23)
at homework.ch11_13.p3.Faculty.getFacultyId(Faculty.java:23)
at homework.ch11_13.p3.Faculty.getFacultyId(Faculty.java:23)
at homework.ch11_13.p3.Faculty.getFacultyId(Faculty.java:23)
at homework.ch11_13.p3.Faculty.getFacultyId(Faculty.java:23)
at homework.ch11_13.p3.Faculty.getFacultyId(Faculty.java:23)
at homework.ch11_13.p3.Faculty.getFacultyId(Faculty.java:23)
at homework.ch11_13.p3.Faculty.getFacultyId(Faculty.java:23)
at homework.ch11_13.p3.Faculty.getFacultyId(Faculty.java:23)
at homework.ch11_13.p3.Faculty.getFacultyId(Faculty.java:23)
at homework.ch11_13.p3.Faculty.getFacultyId(Faculty.java:23)
at homework.ch11_13.p3.Faculty.getFacultyId(Faculty.java:23)
at homework.ch11_13.p3.Faculty.getFacultyId(Faculty.java:23)
at homework.ch11_13.p3.Faculty.getFacultyId(Faculty.java:23)
at homework.ch11_13.p3.Faculty.getFacultyId(Faculty.java:23)
at homework.ch11_13.p3.Faculty.getFacultyId(Faculty.java:23)
at homework.ch11_13.p3.Faculty.getFacultyId(Faculty.java:23)
at homework.ch11_13.p3.Faculty.getFacultyId(Faculty.java:23)
at homework.ch11_13.p3.Faculty.getFacultyId(Faculty.java:23)
at homework.ch11_13.p3.Faculty.getFacultyId(Faculty.java:23)
at homework.ch11_13.p3.Faculty.getFacultyId(Faculty.java:23)
at homework.ch11_13.p3.Faculty.getFacultyId(Faculty.java:23)
at homework.ch11_13.p3.Faculty.getFacultyId(Faculty.java:23)
at homework.ch11_13.p3.Faculty.getFacultyId(Faculty.java:23)
at homework.ch11_13.p3.Faculty.getFacultyId(Faculty.java:23)
at homework.ch11_13.p3.Faculty.getFacultyId(Faculty.java:23)
at homework.ch11_13.p3.Faculty.getFacultyId(Faculty.java:23)
at homework.ch11_13.p3.Faculty.getFacultyId(Faculty.java:23)
at homework.ch11_13.p3.Faculty.getFacultyId(Faculty.java:23)
at homework.ch11_13.p3.Faculty.getFacultyId(Faculty.java:23)
at homework.ch11_13.p3.Faculty.getFacultyId(Faculty.java:23)
at homework.ch11_13.p3.Faculty.getFacultyId(Faculty.java:23)
at homework.ch11_13.p3.Faculty.getFacultyId(Faculty.java:23)
at homework.ch11_13.p3.Faculty.getFacultyId(Faculty.java:23)
at homework.ch11_13.p3.Faculty.getFacultyId(Faculty.java:23)
at homework.ch11_13.p3.Faculty.getFacultyId(Faculty.java:23)
at homework.ch11_13.p3.Faculty.getFacultyId(Faculty.java:23)
at homework.ch11_13.p3.Faculty.getFacultyId(Faculty.java:23)
at homework.ch11_13.p3.Faculty.getFacultyId(Faculty.java:23)
at homework.ch11_13.p3.Faculty.getFacultyId(Faculty.java:23)
at homework.ch11_13.p3.Faculty.getFacultyId(Faculty.java:23)
at homework.ch11_13.p3.Faculty.getFacultyId(Faculty.java:23)
at homework.ch11_13.p3.Faculty.getFacultyId(Faculty.java:23)
at homework.ch11_13.p3.Faculty.getFacultyId(Faculty.java:23)
at homework.ch11_13.p3.Faculty.getFacultyId(Faculty.java:23)
at homework.ch11_13.p3.Faculty.getFacultyId(Faculty.java:23)
at homework.ch11_13.p3.Faculty.getFacultyId(Faculty.java:23)
at homework.ch11_13.p3.Faculty.getFacultyId(Faculty.java:23)
at homework.ch11_13.p3.Faculty.getFacultyId(Faculty.java:23)
at homework.ch11_13.p3.Faculty.getFacultyId(Faculty.java:23)
at homework.ch11_13.p3.Faculty.getFacultyId(Faculty.java:23)
at homework.ch11_13.p3.Faculty.getFacultyId(Faculty.java:23)
at homework.ch11_13.p3.Faculty.getFacultyId(Faculty.java:23)
at homework.ch11_13.p3.Faculty.getFacultyId(Faculty.java:23)
at homework.ch11_13.p3.Faculty.getFacultyId(Faculty.java:23)
at homework.ch11_13.p3.Faculty.getFacultyId(Faculty.java:23)
at homework.ch11_13.p3.Faculty.getFacultyId(Faculty.java:23)
at homework.ch11_13.p3.Faculty.getFacultyId(Faculty.java:23)
at homework.ch11_13.p3.Faculty.getFacultyId(Faculty.java:23)
at homework.ch11_13.p3.Faculty.getFacultyId(Faculty.java:23)
at homework.ch11_13.p3.Faculty.getFacultyId(Faculty.java:23)
at homework.ch11_13.p3.Faculty.getFacultyId(Faculty.java:23)
at homework.ch11_13.p3.Faculty.getFacultyId(Faculty.java:23)
at homework.ch11_13.p3.Faculty.getFacultyId(Faculty.java:23)
at homework.ch11_13.p3.Faculty.getFacultyId(Faculty.java:23)
at homework.ch11_13.p3.Faculty.getFacultyId(Faculty.java:23)
at homework.ch11_13.p3.Faculty.getFacultyId(Faculty.java:23)
at homework.ch11_13.p3.Faculty.getFacultyId(Faculty.java:23)
at homework.ch11_13.p3.Faculty.getFacultyId(Faculty.java:23)
at homework.ch11_13.p3.Faculty.getFacultyId(Faculty.java:23)
at homework.ch11_13.p3.Faculty.getFacultyId(Faculty.java:23)
at homework.ch11_13.p3.Faculty.getFacultyId(Faculty.java:23)
at homework.ch11_13.p3.Faculty.getFacultyId(Faculty.java:23)
at homework.ch11_13.p3.Faculty.getFacultyId(Faculty.java:23)
at homework.ch11_13.p3.Faculty.getFacultyId(Faculty.java:23)
at homework.ch11_13.p3.Faculty.getFacultyId(Faculty.java:23)
at homework.ch11_13.p3.Faculty.getFacultyId(Faculty.java:23)
at homework.ch11_13.p3.Faculty.getFacultyId(Faculty.java:23)
at homework.ch11_13.p3.Faculty.getFacultyId(Faculty.java:23)
at homework.ch11_13.p3.Faculty.getFacultyId(Faculty.java:23)
at homework.ch11_13.p3.Faculty.getFacultyId(Faculty.java:23)
at homework.ch11_13.p3.Faculty.getFacultyId(Faculty.java:23)
at homework.ch11_13.p3.Faculty.getFacultyId(Faculty.java:23)
at homework.ch11_13.p3.Faculty.getFacultyId(Faculty.java:23)
at homework.ch11_13.p3.Faculty.getFacultyId(Faculty.java:23)
at homework.ch11_13.p3.Faculty.getFacultyId(Faculty.java:23)
at homework.ch11_13.p3.Faculty.getFacultyId(Faculty.java:23)
at homework.ch11_13.p3.Faculty.getFacultyId(Faculty.java:23)
at homework.ch11_13.p3.Faculty.getFacultyId(Faculty.java:23)
at homework.ch11_13.p3.Faculty.getFacultyId(Faculty.java:23)
at homework.ch11_13.p3.Faculty.getFacultyId(Faculty.java:23)
at homework.ch11_13.p3.Faculty.getFacultyId(Faculty.java:23)
at homework.ch11_13.p3.Faculty.getFacultyId(Faculty.java:23)
at homework.ch11_13.p3.Faculty.getFacultyId(Faculty.java:23)
at homework.ch11_13.p3.Faculty.getFacultyId(Faculty.java:23)
at homework.ch11_13.p3.Faculty.getFacultyId(Faculty.java:23)
at homework.ch11_13.p3.Faculty.getFacultyId(Faculty.java:23)
at homework.ch11_13.p3.Faculty.getFacultyId(Faculty.java:23)
at homework.ch11_13.p3.Faculty.getFacultyId(Faculty.java:23)
at homework.ch11_13.p3.Faculty.getFacultyId(Faculty.java:23)
at homework.ch11_13.p3.Faculty.getFacultyId(Faculty.java:23)
at homework.ch11_13.p3.Faculty.getFacultyId(Faculty.java:23)
at homework.ch11_13.p3.Faculty.getFacultyId(Faculty.java:23)
at homework.ch11_13.p3.Faculty.getFacultyId(Faculty.java:23)
at homework.ch11_13.p3.Faculty.getFacultyId(Faculty.java:23)
at homework.ch11_13.p3.Faculty.getFacultyId(Faculty.java:23)
at homework.ch11_13.p3.Faculty.getFacultyId(Faculty.java:23)
at homework.ch11_13.p3.Faculty.getFacultyId(Faculty.java:23)
at homework.ch11_13.p3.Faculty.getFacultyId(Faculty.java:23)
at homework.ch11_13.p3.Faculty.getFacultyId(Faculty.java:23)
at homework.ch11_13.p3.Faculty.getFacultyId(Faculty.java:23)
at homework.ch11_13.p3.Faculty.getFacultyId(Faculty.java:23)
at homework.ch11_13.p3.Faculty.getFacultyId(Faculty.java:23)
at homework.ch11_13.p3.Faculty.getFacultyId(Faculty.java:23)
at homework.ch11_13.p3.Faculty.getFacultyId(Faculty.java:23)
at homework.ch11_13.p3.Faculty.getFacultyId(Faculty.java:23)
at homework.ch11_13.p3.Faculty.getFacultyId(Faculty.java:23)
at homework.ch11_13.p3.Faculty.getFacultyId(Faculty.java:23)
at homework.ch11_13.p3.Faculty.getFacultyId(Faculty.java:23)
at homework.ch11_13.p3.Faculty.getFacultyId(Faculty.java:23)
at homework.ch11_13.p3.Faculty.getFacultyId(Faculty.java:23)
at homework.ch11_13.p3.Faculty.getFacultyId(Faculty.java:23)
at homework.ch11_13.p3.Faculty.getFacultyId(Faculty.java:23)
at homework.ch11_13.p3.Faculty.getFacultyId(Faculty.java:23)
at homework.ch11_13.p3.Faculty.getFacultyId(Faculty.java:23)
at homework.ch11_13.p3.Faculty.getFacultyId(Faculty.java:23)
at homework.ch11_13.p3.Faculty.getFacultyId(Faculty.java:23)
at homework.ch11_13.p3.Faculty.getFacultyId(Faculty.java:23)
at homework.ch11_13.p3.Faculty.getFacultyId(Faculty.java:23)
at homework.ch11_13.p3.Faculty.getFacultyId(Faculty.java:23)
at homework.ch11_13.p3.Faculty.getFacultyId(Faculty.java:23)
at homework.ch11_13.p3.Faculty.getFacultyId(Faculty.java:23)
at homework.ch11_13.p3.Faculty.getFacultyId(Faculty.java:23)
at homework.ch11_13.p3.Faculty.getFacultyId(Faculty.java:23)
at homework.ch11_13.p3.Faculty.getFacultyId(Faculty.java:23)
at homework.ch11_13.p3.Faculty.getFacultyId(Faculty.java:23)
at homework.ch11_13.p3.Faculty.getFacultyId(Faculty.java:23)
at homework.ch11_13.p3.Faculty.getFacultyId(Faculty.java:23)
at homework.ch11_13.p3.Faculty.getFacultyId(Faculty.java:23)
at homework.ch11_13.p3.Faculty.getFacultyId(Faculty.java:23)
at homework.ch11_13.p3.Faculty.getFacultyId(Faculty.java:23)
at homework.ch11_13.p3.Faculty.getFacultyId(Faculty.java:23)
at homework.ch11_13.p3.Faculty.getFacultyId(Faculty.java:23)
at homework.ch11_13.p3.Faculty.getFacultyId(Faculty.java:23)
at homework.ch11_13.p3.Faculty.getFacultyId(Faculty.java:23)
at homework.ch11_13.p3.Faculty.getFacultyId(Faculty.java:23)
at homework.ch11_13.p3.Faculty.getFacultyId(Faculty.java:23)
at homework.ch11_13.p3.Faculty.getFacultyId(Faculty.java:23)
at homework.ch11_13.p3.Faculty.getFacultyId(Faculty.java:23)
at homework.ch11_13.p3.Faculty.getFacultyId(Faculty.java:23)
at homework.ch11_13.p3.Faculty.getFacultyId(Faculty.java:23)
at homework.ch11_13.p3.Faculty.getFacultyId(Faculty.java:23)
at homework.ch11_13.p3.Faculty.getFacultyId(Faculty.java:23)
at homework.ch11_13.p3.Faculty.getFacultyId(Faculty.java:23)
at homework.ch11_13.p3.Faculty.getFacultyId(Faculty.java:23)
at homework.ch11_13.p3.Faculty.getFacultyId(Faculty.java:23)
at homework.ch11_13.p3.Faculty.getFacultyId(Faculty.java:23)
at homework.ch11_13.p3.Faculty.getFacultyId(Faculty.java:23)
at homework.ch11_13.p3.Faculty.getFacultyId(Faculty.java:23)
at homework.ch11_13.p3.Faculty.getFacultyId(Faculty.java:23)
at homework.ch11_13.p3.Faculty.getFacultyId(Faculty.java:23)
at homework.ch11_13.p3.Faculty.getFacultyId(Faculty.java:23)
at homework.ch11_13.p3.Faculty.getFacultyId(Faculty.java:23)
at homework.ch11_13.p3.Faculty.getFacultyId(Faculty.java:23)
at homework.ch11_13.p3.Faculty.getFacultyId(Faculty.java:23)
at homework.ch11_13.p3.Faculty.getFacultyId(Faculty.java:23)
at homework.ch11_13.p3.Faculty.getFacultyId(Faculty.java:23)
at homework.ch11_13.p3.Faculty.getFacultyId(Faculty.java:23)
at homework.ch11_13.p3.Faculty.getFacultyId(Faculty.java:23)
at homework.ch11_13.p3.Faculty.getFacultyId(Faculty.java:23)
at homework.ch11_13.p3.Faculty.getFacultyId(Faculty.java:23)
at homework.ch11_13.p3.Faculty.getFacultyId(Faculty.java:23)
at homework.ch11_13.p3.Faculty.getFacultyId(Faculty.java:23)
at homework.ch11_13.p3.Faculty.getFacultyId(Faculty.java:23)
at homework.ch11_13.p3.Faculty.getFacultyId(Faculty.java:23)
at homework.ch11_13.p3.Faculty.getFacultyId(Faculty.java:23)
at homework.ch11_13.p3.Faculty.getFacultyId(Faculty.java:23)
at homework.ch11_13.p3.Faculty.getFacultyId(Faculty.java:23)
at homework.ch11_13.p3.Faculty.getFacultyId(Faculty.java:23)
at homework.ch11_13.p3.Faculty.getFacultyId(Faculty.java:23)
at homework.ch11_13.p3.Faculty.getFacultyId(Faculty.java:23)
at homework.ch11_13.p3.Faculty.getFacultyId(Faculty.java:23)
at homework.ch11_13.p3.Faculty.getFacultyId(Faculty.java:23)
at homework.ch11_13.p3.Faculty.getFacultyId(Faculty.java:23)
at homework.ch11_13.p3.Faculty.getFacultyId(Faculty.java:23)
at homework.ch11_13.p3.Faculty.getFacultyId(Faculty.java:23)
at homework.ch11_13.p3.Faculty.getFacultyId(Faculty.java:23)
at homework.ch11_13.p3.Faculty.getFacultyId(Faculty.java:23)
at homework.ch11_13.p3.Faculty.getFacultyId(Faculty.java:23)
at homework.ch11_13.p3.Faculty.getFacultyId(Faculty.java:23)
at homework.ch11_13.p3.Faculty.getFacultyId(Faculty.java:23)
at homework.ch11_13.p3.Faculty.getFacultyId(Faculty.java:23)
at homework.ch11_13.p3.Faculty.getFacultyId(Faculty.java:23)
at homework.ch11_13.p3.Faculty.getFacultyId(Faculty.java:23)
at homework.ch11_13.p3.Faculty.getFacultyId(Faculty.java:23)
at homework.ch11_13.p3.Faculty.getFacultyId(Faculty.java:23)
at homework.ch11_13.p3.Faculty.getFacultyId(Faculty.java:23)
at homework.ch11_13.p3.Faculty.getFacultyId(Faculty.java:23)
at homework.ch11_13.p3.Faculty.getFacultyId(Faculty.java:23)
at homework.ch11_13.p3.Faculty.getFacultyId(Faculty.java:23)
at homework.ch11_13.p3.Faculty.getFacultyId(Faculty.java:23)
at homework.ch11_13.p3.Faculty.getFacultyId(Faculty.java:23)
at homework.ch11_13.p3.Faculty.getFacultyId(Faculty.java:23)
at homework.ch11_13.p3.Faculty.getFacultyId(Faculty.java:23)
at homework.ch11_13.p3.Faculty.getFacultyId(Faculty.java:23)
at homework.ch11_13.p3.Faculty.getFacultyId(Faculty.java:23)
at homework.ch11_13.p3.Faculty.getFacultyId(Faculty.java:23)
at homework.ch11_13.p3.Faculty.getFacultyId(Faculty.java:23)
at homework.ch11_13.p3.Faculty.getFacultyId(Faculty.java:23)
at homework.ch11_13.p3.Faculty.getFacultyId(Faculty.java:23)
at homework.ch11_13.p3.Faculty.getFacultyId(Faculty.java:23)
at homework.ch11_13.p3.Faculty.getFacultyId(Faculty.java:23)
at homework.ch11_13.p3.Faculty.getFacultyId(Faculty.java:23)
at homework.ch11_13.p3.Faculty.getFacultyId(Faculty.java:23)
at homework.ch11_13.p3.Faculty.getFacultyId(Faculty.java:23)
at homework.ch11_13.p3.Faculty.getFacultyId(Faculty.java:23)
at homework.ch11_13.p3.Faculty.getFacultyId(Faculty.java:23)
at homework.ch11_13.p3.Faculty.getFacultyId(Faculty.java:23)
at homework.ch11_13.p3.Faculty.getFacultyId(Faculty.java:23)
at homework.ch11_13.p3.Faculty.getFacultyId(Faculty.java:23)
at homework.ch11_13.p3.Faculty.getFacultyId(Faculty.java:23)
at homework.ch11_13.p3.Faculty.getFacultyId(Faculty.java:23)
at homework.ch11_13.p3.Faculty.getFacultyId(Faculty.java:23)
at homework.ch11_13.p3.Faculty.getFacultyId(Faculty.java:23)
at homework.ch11_13.p3.Faculty.getFacultyId(Faculty.java:23)
at homework.ch11_13.p3.Faculty.getFacultyId(Faculty.java:23)
at homework.ch11_13.p3.Faculty.getFacultyId(Faculty.java:23)
at homework.ch11_13.p3.Faculty.getFacultyId(Faculty.java:23)
at homework.ch11_13.p3.Faculty.getFacultyId(Faculty.java:23)
at homework.ch11_13.p3.Faculty.getFacultyId(Faculty.java:23)
at homework.ch11_13.p3.Faculty.getFacultyId(Faculty.java:23)
at homework.ch11_13.p3.Faculty.getFacultyId(Faculty.java:23)
at homework.ch11_13.p3.Faculty.getFacultyId(Faculty.java:23)
at homework.ch11_13.p3.Faculty.getFacultyId(Faculty.java:23)
at homework.ch11_13.p3.Faculty.getFacultyId(Faculty.java:23)
at homework.ch11_13.p3.Faculty.getFacultyId(Faculty.java:23)
at homework.ch11_13.p3.Faculty.getFacultyId(Faculty.java:23)
at homework.ch11_13.p3.Faculty.getFacultyId(Faculty.java:23)
at homework.ch11_13.p3.Faculty.getFacultyId(Faculty.java:23)
at homework.ch11_13.p3.Faculty.getFacultyId(Faculty.java:23)
at homework.ch11_13.p3.Faculty.getFacultyId(Faculty.java:23)
at homework.ch11_13.p3.Faculty.getFacultyId(Faculty.java:23)
at homework.ch11_13.p3.Faculty.getFacultyId(Faculty.java:23)
at homework.ch11_13.p3.Faculty.getFacultyId(Faculty.java:23)
at homework.ch11_13.p3.Faculty.getFacultyId(Faculty.java:23)
at homework.ch11_13.p3.Faculty.getFacultyId(Faculty.java:23)
at homework.ch11_13.p3.Faculty.getFacultyId(Faculty.java:23)
at homework.ch11_13.p3.Faculty.getFacultyId(Faculty.java:23)
at homework.ch11_13.p3.Faculty.getFacultyId(Faculty.java:23)
at homework.ch11_13.p3.Faculty.getFacultyId(Faculty.java:23)
at homework.ch11_13.p3.Faculty.getFacultyId(Faculty.java:23)
at homework.ch11_13.p3.Faculty.getFacultyId(Faculty.java:23)
at homework.ch11_13.p3.Faculty.getFacultyId(Faculty.java:23)
at homework.ch11_13.p3.Faculty.getFacultyId(Faculty.java:23)
at homework.ch11_13.p3.Faculty.getFacultyId(Faculty.java:23)
at homework.ch11_13.p3.Faculty.getFacultyId(Faculty.java:23)
at homework.ch11_13.p3.Faculty.getFacultyId(Faculty.java:23)
at homework.ch11_13.p3.Faculty.getFacultyId(Faculty.java:23)
at homework.ch11_13.p3.Faculty.getFacultyId(Faculty.java:23)
at homework.ch11_13.p3.Faculty.getFacultyId(Faculty.java:23)
at homework.ch11_13.p3.Faculty.getFacultyId(Faculty.java:23)
at homework.ch11_13.p3.Faculty.getFacultyId(Faculty.java:23)
at homework.ch11_13.p3.Faculty.getFacultyId(Faculty.java:23)
at homework.ch11_13.p3.Faculty.getFacultyId(Faculty.java:23)
at homework.ch11_13.p3.Faculty.getFacultyId(Faculty.java:23)
at homework.ch11_13.p3.Faculty.getFacultyId(Faculty.java:23)
at homework.ch11_13.p3.Faculty.getFacultyId(Faculty.java:23)
at homework.ch11_13.p3.Faculty.getFacultyId(Faculty.java:23)
at homework.ch11_13.p3.Faculty.getFacultyId(Faculty.java:23)
at homework.ch11_13.p3.Faculty.getFacultyId(Faculty.java:23)
at homework.ch11_13.p3.Faculty.getFacultyId(Faculty.java:23)
at homework.ch11_13.p3.Faculty.getFacultyId(Faculty.java:23)
at homework.ch11_13.p3.Faculty.getFacultyId(Faculty.java:23)
at homework.ch11_13.p3.Faculty.getFacultyId(Faculty.java:23)
at homework.ch11_13.p3.Faculty.getFacultyId(Faculty.java:23)
at homework.ch11_13.p3.Faculty.getFacultyId(Faculty.java:23)
at homework.ch11_13.p3.Faculty.getFacultyId(Faculty.java:23)
at homework.ch11_13.p3.Faculty.getFacultyId(Faculty.java:23)
at homework.ch11_13.p3.Faculty.getFacultyId(Faculty.java:23)
at homework.ch11_13.p3.Faculty.getFacultyId(Faculty.java:23)
at homework.ch11_13.p3.Faculty.getFacultyId(Faculty.java:23)
at homework.ch11_13.p3.Faculty.getFacultyId(Faculty.java:23)
at homework.ch11_13.p3.Faculty.getFacultyId(Faculty.java:23)
at homework.ch11_13.p3.Faculty.getFacultyId(Faculty.java:23)
at homework.ch11_13.p3.Faculty.getFacultyId(Faculty.java:23)
at homework.ch11_13.p3.Faculty.getFacultyId(Faculty.java:23)
at homework.ch11_13.p3.Faculty.getFacultyId(Faculty.java:23)
at homework.ch11_13.p3.Faculty.getFacultyId(Faculty.java:23)
at homework.ch11_13.p3.Faculty.getFacultyId(Faculty.java:23)
at homework.ch11_13.p3.Faculty.getFacultyId(Faculty.java:23)
at homework.ch11_13.p3.Faculty.getFacultyId(Faculty.java:23)
at homework.ch11_13.p3.Faculty.getFacultyId(Faculty.java:23)
at homework.ch11_13.p3.Faculty.getFacultyId(Faculty.java:23)
at homework.ch11_13.p3.Faculty.getFacultyId(Faculty.java:23)
at homework.ch11_13.p3.Faculty.getFacultyId(Faculty.java:23)
at homework.ch11_13.p3.Faculty.getFacultyId(Faculty.java:23)
at homework.ch11_13.p3.Faculty.getFacultyId(Faculty.java:23)
at homework.ch11_13.p3.Faculty.getFacultyId(Faculty.java:23)
at homework.ch11_13.p3.Faculty.getFacultyId(Faculty.java:23)
at homework.ch11_13.p3.Faculty.getFacultyId(Faculty.java:23)
at homework.ch11_13.p3.Faculty.getFacultyId(Faculty.java:23)
at homework.ch11_13.p3.Faculty.getFacultyId(Faculty.java:23)
at homework.ch11_13.p3.Faculty.getFacultyId(Faculty.java:23)
at homework.ch11_13.p3.Faculty.getFacultyId(Faculty.java:23)
at homework.ch11_13.p3.Faculty.getFacultyId(Faculty.java:23)
at homework.ch11_13.p3.Faculty.getFacultyId(Faculty.java:23)
at homework.ch11_13.p3.Faculty.getFacultyId(Faculty.java:23)
at homework.ch11_13.p3.Faculty.getFacultyId(Faculty.java:23)
at homework.ch11_13.p3.Faculty.getFacultyId(Faculty.java:23)
at homework.ch11_13.p3.Faculty.getFacultyId(Faculty.java:23)
at homework.ch11_13.p3.Faculty.getFacultyId(Faculty.java:23)
at homework.ch11_13.p3.Faculty.getFacultyId(Faculty.java:23)
at homework.ch11_13.p3.Faculty.getFacultyId(Faculty.java:23)
at homework.ch11_13.p3.Faculty.getFacultyId(Faculty.java:23)
at homework.ch11_13.p3.Faculty.getFacultyId(Faculty.java:23)
at homework.ch11_13.p3.Faculty.getFacultyId(Faculty.java:23)
at homework.ch11_13.p3.Faculty.getFacultyId(Faculty.java:23)
at homework.ch11_13.p3.Faculty.getFacultyId(Faculty.java:23)
at homework.ch11_13.p3.Faculty.getFacultyId(Faculty.java:23)
at homework.ch11_13.p3.Faculty.getFacultyId(Faculty.java:23)
at homework.ch11_13.p3.Faculty.getFacultyId(Faculty.java:23)
at homework.ch11_13.p3.Faculty.getFacultyId(Faculty.java:23)
at homework.ch11_13.p3.Faculty.getFacultyId(Faculty.java:23)
at homework.ch11_13.p3.Faculty.getFacultyId(Faculty.java:23)
at homework.ch11_13.p3.Faculty.getFacultyId(Faculty.java:23)
at homework.ch11_13.p3.Faculty.getFacultyId(Faculty.java:23)
at homework.ch11_13.p3.Faculty.getFacultyId(Faculty.java:23)
at homework.ch11_13.p3.Faculty.getFacultyId(Faculty.java:23)
at homework.ch11_13.p3.Faculty.getFacultyId(Faculty.java:23)
at homework.ch11_13.p3.Faculty.getFacultyId(Faculty.java:23)
at homework.ch11_13.p3.Faculty.getFacultyId(Faculty.java:23)
at homework.ch11_13.p3.Faculty.getFacultyId(Faculty.java:23)
at homework.ch11_13.p3.Faculty.getFacultyId(Faculty.java:23)
at homework.ch11_13.p3.Faculty.getFacultyId(Faculty.java:23)
at homework.ch11_13.p3.Faculty.getFacultyId(Faculty.java:23)
at homework.ch11_13.p3.Faculty.getFacultyId(Faculty.java:23)
at homework.ch11_13.p3.Faculty.getFacultyId(Faculty.java:23)
at homework.ch11_13.p3.Faculty.getFacultyId(Faculty.java:23)
at homework.ch11_13.p3.Faculty.getFacultyId(Faculty.java:23)
at homework.ch11_13.p3.Faculty.getFacultyId(Faculty.java:23)
at homework.ch11_13.p3.Faculty.getFacultyId(Faculty.java:23)
at homework.ch11_13.p3.Faculty.getFacultyId(Faculty.java:23)
at homework.ch11_13.p3.Faculty.getFacultyId(Faculty.java:23)
at homework.ch11_13.p3.Faculty.getFacultyId(Faculty.java:23)
at homework.ch11_13.p3.Faculty.getFacultyId(Faculty.java:23)
at homework.ch11_13.p3.Faculty.getFacultyId(Faculty.java:23)
at homework.ch11_13.p3.Faculty.getFacultyId(Faculty.java:23)
at homework.ch11_13.p3.Faculty.getFacultyId(Faculty.java:23)
at homework.ch11_13.p3.Faculty.getFacultyId(Faculty.java:23)
at homework.ch11_13.p3.Faculty.getFacultyId(Faculty.java:23)
at homework.ch11_13.p3.Faculty.getFacultyId(Faculty.java:23)
at homework.ch11_13.p3.Faculty.getFacultyId(Faculty.java:23)
at homework.ch11_13.p3.Faculty.getFacultyId(Faculty.java:23)
at homework.ch11_13.p3.Faculty.getFacultyId(Faculty.java:23)
at homework.ch11_13.p3.Faculty.getFacultyId(Faculty.java:23)
at homework.ch11_13.p3.Faculty.getFacultyId(Faculty.java:23)
at homework.ch11_13.p3.Faculty.getFacultyId(Faculty.java:23)
at homework.ch11_13.p3.Faculty.getFacultyId(Faculty.java:23)
at homework.ch11_13.p3.Faculty.getFacultyId(Faculty.java:23)
at homework.ch11_13.p3.Faculty.getFacultyId(Faculty.java:23)
at homework.ch11_13.p3.Faculty.getFacultyId(Faculty.java:23)
at homework.ch11_13.p3.Faculty.getFacultyId(Faculty.java:23)
at homework.ch11_13.p3.Faculty.getFacultyId(Faculty.java:23)
at homework.ch11_13.p3.Faculty.getFacultyId(Faculty.java:23)
at homework.ch11_13.p3.Faculty.getFacultyId(Faculty.java:23)
at homework.ch11_13.p3.Faculty.getFacultyId(Faculty.java:23)
at homework.ch11_13.p3.Faculty.getFacultyId(Faculty.java:23)
at homework.ch11_13.p3.Faculty.getFacultyId(Faculty.java:23)
at homework.ch11_13.p3.Faculty.getFacultyId(Faculty.java:23)
at homework.ch11_13.p3.Faculty.getFacultyId(Faculty.java:23)
at homework.ch11_13.p3.Faculty.getFacultyId(Faculty.java:23)
at homework.ch11_13.p3.Faculty.getFacultyId(Faculty.java:23)
at homework.ch11_13.p3.Faculty.getFacultyId(Faculty.java:23)
at homework.ch11_13.p3.Faculty.getFacultyId(Faculty.java:23)
at homework.ch11_13.p3.Faculty.getFacultyId(Faculty.java:23)
at homework.ch11_13.p3.Faculty.getFacultyId(Faculty.java:23)
at homework.ch11_13.p3.Faculty.getFacultyId(Faculty.java:23)
at homework.ch11_13.p3.Faculty.getFacultyId(Faculty.java:23)
at homework.ch11_13.p3.Faculty.getFacultyId(Faculty.java:23)
at homework.ch11_13.p3.Faculty.getFacultyId(Faculty.java:23)
at homework.ch11_13.p3.Faculty.getFacultyId(Faculty.java:23)
at homework.ch11_13.p3.Faculty.getFacultyId(Faculty.java:23)
at homework.ch11_13.p3.Faculty.getFacultyId(Faculty.java:23)
at homework.ch11_13.p3.Faculty.getFacultyId(Faculty.java:23)
at homework.ch11_13.p3.Faculty.getFacultyId(Faculty.java:23)
at homework.ch11_13.p3.Faculty.getFacultyId(Faculty.java:23)
at homework.ch11_13.p3.Faculty.getFacultyId(Faculty.java:23)
at homework.ch11_13.p3.Faculty.getFacultyId(Faculty.java:23)
at homework.ch11_13.p3.Faculty.getFacultyId(Faculty.java:23)
at homework.ch11_13.p3.Faculty.getFacultyId(Faculty.java:23)
at homework.ch11_13.p3.Faculty.getFacultyId(Faculty.java:23)
at homework.ch11_13.p3.Faculty.getFacultyId(Faculty.java:23)
at homework.ch11_13.p3.Faculty.getFacultyId(Faculty.java:23)
at homework.ch11_13.p3.Faculty.getFacultyId(Faculty.java:23)
at homework.ch11_13.p3.Faculty.getFacultyId(Faculty.java:23)
at homework.ch11_13.p3.Faculty.getFacultyId(Faculty.java:23)
at homework.ch11_13.p3.Faculty.getFacultyId(Faculty.java:23)
at homework.ch11_13.p3.Faculty.getFacultyId(Faculty.java:23)
at homework.ch11_13.p3.Faculty.getFacultyId(Faculty.java:23)
at homework.ch11_13.p3.Faculty.getFacultyId(Faculty.java:23)
at homework.ch11_13.p3.Faculty.getFacultyId(Faculty.java:23)
at homework.ch11_13.p3.Faculty.getFacultyId(Faculty.java:23)
at homework.ch11_13.p3.Faculty.getFacultyId(Faculty.java:23)
at homework.ch11_13.p3.Faculty.getFacultyId(Faculty.java:23)
at homework.ch11_13.p3.Faculty.getFacultyId(Faculty.java:23)
at homework.ch11_13.p3.Faculty.getFacultyId(Faculty.java:23)
at homework.ch11_13.p3.Faculty.getFacultyId(Faculty.java:23)
at homework.ch11_13.p3.Faculty.getFacultyId(Faculty.java:23)
at homework.ch11_13.p3.Faculty.getFacultyId(Faculty.java:23)
at homework.ch11_13.p3.Faculty.getFacultyId(Faculty.java:23)
at homework.ch11_13.p3.Faculty.getFacultyId(Faculty.java:23)
at homework.ch11_13.p3.Faculty.getFacultyId(Faculty.java:23)
at homework.ch11_13.p3.Faculty.getFacultyId(Faculty.java:23)
at homework.ch11_13.p3.Faculty.getFacultyId(Faculty.java:23)
at homework.ch11_13.p3.Faculty.getFacultyId(Faculty.java:23)
at homework.ch11_13.p3.Faculty.getFacultyId(Faculty.java:23)
at homework.ch11_13.p3.Faculty.getFacultyId(Faculty.java:23)
at homework.ch11_13.p3.Faculty.getFacultyId(Faculty.java:23)
at homework.ch11_13.p3.Faculty.getFacultyId(Faculty.java:23)
at homework.ch11_13.p3.Faculty.getFacultyId(Faculty.java:23)
at homework.ch11_13.p3.Faculty.getFacultyId(Faculty.java:23)
at homework.ch11_13.p3.Faculty.getFacultyId(Faculty.java:23)
at homework.ch11_13.p3.Faculty.getFacultyId(Faculty.java:23)
at homework.ch11_13.p3.Faculty.getFacultyId(Faculty.java:23)
at homework.ch11_13.p3.Faculty.getFacultyId(Faculty.java:23)
at homework.ch11_13.p3.Faculty.getFacultyId(Faculty.java:23)
at homework.ch11_13.p3.Faculty.getFacultyId(Faculty.java:23)
at homework.ch11_13.p3.Faculty.getFacultyId(Faculty.java:23)
at homework.ch11_13.p3.Faculty.getFacultyId(Faculty.java:23)
at homework.ch11_13.p3.Faculty.getFacultyId(Faculty.java:23)
at homework.ch11_13.p3.Faculty.getFacultyId(Faculty.java:23)
at homework.ch11_13.p3.Faculty.getFacultyId(Faculty.java:23)
at homework.ch11_13.p3.Faculty.getFacultyId(Faculty.java:23)
at homework.ch11_13.p3.Faculty.getFacultyId(Faculty.java:23)
at homework.ch11_13.p3.Faculty.getFacultyId(Faculty.java:23)
at homework.ch11_13.p3.Faculty.getFacultyId(Faculty.java:23)
at homework.ch11_13.p3.Faculty.getFacultyId(Faculty.java:23)
at homework.ch11_13.p3.Faculty.getFacultyId(Faculty.java:23)
at homework.ch11_13.p3.Faculty.getFacultyId(Faculty.java:23)
at homework.ch11_13.p3.Faculty.getFacultyId(Faculty.java:23)
at homework.ch11_13.p3.Faculty.getFacultyId(Faculty.java:23)
at homework.ch11_13.p3.Faculty.getFacultyId(Faculty.java:23)
at homework.ch11_13.p3.Faculty.getFacultyId(Faculty.java:23)
at homework.ch11_13.p3.Faculty.getFacultyId(Faculty.java:23)
at homework.ch11_13.p3.Faculty.getFacultyId(Faculty.java:23)
at homework.ch11_13.p3.Faculty.getFacultyId(Faculty.java:23)
at homework.ch11_13.p3.Faculty.getFacultyId(Faculty.java:23)
at homework.ch11_13.p3.Faculty.getFacultyId(Faculty.java:23)
at homework.ch11_13.p3.Faculty.getFacultyId(Faculty.java:23)
at homework.ch11_13.p3.Faculty.getFacultyId(Faculty.java:23)
at homework.ch11_13.p3.Faculty.getFacultyId(Faculty.java:23)
at homework.ch11_13.p3.Faculty.getFacultyId(Faculty.java:23)
at homework.ch11_13.p3.Faculty.getFacultyId(Faculty.java:23)
at homework.ch11_13.p3.Faculty.getFacultyId(Faculty.java:23)
at homework.ch11_13.p3.Faculty.getFacultyId(Faculty.java:23)
at homework.ch11_13.p3.Faculty.getFacultyId(Faculty.java:23)
at homework.ch11_13.p3.Faculty.getFacultyId(Faculty.java:23)
at homework.ch11_13.p3.Faculty.getFacultyId(Faculty.java:23)
at homework.ch11_13.p3.Faculty.getFacultyId(Faculty.java:23)
at homework.ch11_13.p3.Faculty.getFacultyId(Faculty.java:23)
at homework.ch11_13.p3.Faculty.getFacultyId(Faculty.java:23)
at homework.ch11_13.p3.Faculty.getFacultyId(Faculty.java:23)
at homework.ch11_13.p3.Faculty.getFacultyId(Faculty.java:23)
at homework.ch11_13.p3.Faculty.getFacultyId(Faculty.java:23)
at homework.ch11_13.p3.Faculty.getFacultyId(Faculty.java:23)
at homework.ch11_13.p3.Faculty.getFacultyId(Faculty.java:23)
at homework.ch11_13.p3.Faculty.getFacultyId(Faculty.java:23)
at homework.ch11_13.p3.Faculty.getFacultyId(Faculty.java:23)
at homework.ch11_13.p3.Faculty.getFacultyId(Faculty.java:23)
at homework.ch11_13.p3.Faculty.getFacultyId(Faculty.java:23)
at homework.ch11_13.p3.Faculty.getFacultyId(Faculty.java:23)
at homework.ch11_13.p3.Faculty.getFacultyId(Faculty.java:23)
at homework.ch11_13.p3.Faculty.getFacultyId(Faculty.java:23)
at homework.ch11_13.p3.Faculty.getFacultyId(Faculty.java:23)
at homework.ch11_13.p3.Faculty.getFacultyId(Faculty.java:23)
at homework.ch11_13.p3.Faculty.getFacultyId(Faculty.java:23)
at homework.ch11_13.p3.Faculty.getFacultyId(Faculty.java:23)
at homework.ch11_13.p3.Faculty.getFacultyId(Faculty.java:23)
at homework.ch11_13.p3.Faculty.getFacultyId(Faculty.java:23)
at homework.ch11_13.p3.Faculty.getFacultyId(Faculty.java:23)
at homework.ch11_13.p3.Faculty.getFacultyId(Faculty.java:23)
at homework.ch11_13.p3.Faculty.getFacultyId(Faculty.java:23)
at homework.ch11_13.p3.Faculty.getFacultyId(Faculty.java:23)
at homework.ch11_13.p3.Faculty.getFacultyId(Faculty.java:23)
at homework.ch11_13.p3.Faculty.getFacultyId(Faculty.java:23)
at homework.ch11_13.p3.Faculty.getFacultyId(Faculty.java:23)
at homework.ch11_13.p3.Faculty.getFacultyId(Faculty.java:23)
at homework.ch11_13.p3.Faculty.getFacultyId(Faculty.java:23)
at homework.ch11_13.p3.Faculty.getFacultyId(Faculty.java:23)
at homework.ch11_13.p3.Faculty.getFacultyId(Faculty.java:23)
at homework.ch11_13.p3.Faculty.getFacultyId(Faculty.java:23)
at homework.ch11_13.p3.Faculty.getFacultyId(Faculty.java:23)
at homework.ch11_13.p3.Faculty.getFacultyId(Faculty.java:23)
at homework.ch11_13.p3.Faculty.getFacultyId(Faculty.java:23)
at homework.ch11_13.p3.Faculty.getFacultyId(Faculty.java:23)
at homework.ch11_13.p3.Faculty.getFacultyId(Faculty.java:23)
at homework.ch11_13.p3.Faculty.getFacultyId(Faculty.java:23)
at homework.ch11_13.p3.Faculty.getFacultyId(Faculty.java:23)
at homework.ch11_13.p3.Faculty.getFacultyId(Faculty.java:23)
at homework.ch11_13.p3.Faculty.getFacultyId(Faculty.java:23)
at homework.ch11_13.p3.Faculty.getFacultyId(Faculty.java:23)
at homework.ch11_13.p3.Faculty.getFacultyId(Faculty.java:23)
at homework.ch11_13.p3.Faculty.getFacultyId(Faculty.java:23)
at homework.ch11_13.p3.Faculty.getFacultyId(Faculty.java:23)
at homework.ch11_13.p3.Faculty.getFacultyId(Faculty.java:23)
at homework.ch11_13.p3.Faculty.getFacultyId(Faculty.java:23)
at homework.ch11_13.p3.Faculty.getFacultyId(Faculty.java:23)
at homework.ch11_13.p3.Faculty.getFacultyId(Faculty.java:23)
at homework.ch11_13.p3.Faculty.getFacultyId(Faculty.java:23)
at homework.ch11_13.p3.Faculty.getFacultyId(Faculty.java:23)
at homework.ch11_13.p3.Faculty.getFacultyId(Faculty.java:23)
at homework.ch11_13.p3.Faculty.getFacultyId(Faculty.java:23)
at homework.ch11_13.p3.Faculty.getFacultyId(Faculty.java:23)
at homework.ch11_13.p3.Faculty.getFacultyId(Faculty.java:23)
at homework.ch11_13.p3.Faculty.getFacultyId(Faculty.java:23)
at homework.ch11_13.p3.Faculty.getFacultyId(Faculty.java:23)
at homework.ch11_13.p3.Faculty.getFacultyId(Faculty.java:23)
at homework.ch11_13.p3.Faculty.getFacultyId(Faculty.java:23)
at homework.ch11_13.p3.Faculty.getFacultyId(Faculty.java:23)
at homework.ch11_13.p3.Faculty.getFacultyId(Faculty.java:23)
at homework.ch11_13.p3.Faculty.getFacultyId(Faculty.java:23)
at homework.ch11_13.p3.Faculty.getFacultyId(Faculty.java:23)
at homework.ch11_13.p3.Faculty.getFacultyId(Faculty.java:23)
at homework.ch11_13.p3.Faculty.getFacultyId(Faculty.java:23)
at homework.ch11_13.p3.Faculty.getFacultyId(Faculty.java:23)
at homework.ch11_13.p3.Faculty.getFacultyId(Faculty.java:23)
at homework.ch11_13.p3.Faculty.getFacultyId(Faculty.java:23)
at homework.ch11_13.p3.Faculty.getFacultyId(Faculty.java:23)
at homework.ch11_13.p3.Faculty.getFacultyId(Faculty.java:23)
at homework.ch11_13.p3.Faculty.getFacultyId(Faculty.java:23)
at homework.ch11_13.p3.Faculty.getFacultyId(Faculty.java:23)
at homework.ch11_13.p3.Faculty.getFacultyId(Faculty.java:23)
at homework.ch11_13.p3.Faculty.getFacultyId(Faculty.java:23)
at homework.ch11_13.p3.Faculty.getFacultyId(Faculty.java:23)
at homework.ch11_13.p3.Faculty.getFacultyId(Faculty.java:23)
at homework.ch11_13.p3.Faculty.getFacultyId(Faculty.java:23)
at homework.ch11_13.p3.Faculty.getFacultyId(Faculty.java:23)
at homework.ch11_13.p3.Faculty.getFacultyId(Faculty.java:23)
at homework.ch11_13.p3.Faculty.getFacultyId(Faculty.java:23)
at homework.ch11_13.p3.Faculty.getFacultyId(Faculty.java:23)
at homework.ch11_13.p3.Faculty.getFacultyId(Faculty.java:23)
at homework.ch11_13.p3.Faculty.getFacultyId(Faculty.java:23)
at homework.ch11_13.p3.Faculty.getFacultyId(Faculty.java:23)
at homework.ch11_13.p3.Faculty.getFacultyId(Faculty.java:23)
at homework.ch11_13.p3.Faculty.getFacultyId(Faculty.java:23)
at homework.ch11_13.p3.Faculty.getFacultyId(Faculty.java:23)
at homework.ch11_13.p3.Faculty.getFacultyId(Faculty.java:23)
at homework.ch11_13.p3.Faculty.getFacultyId(Faculty.java:23)
at homework.ch11_13.p3.Faculty.getFacultyId(Faculty.java:23)
at homework.ch11_13.p3.Faculty.getFacultyId(Faculty.java:23)
at homework.ch11_13.p3.Faculty.getFacultyId(Faculty.java:23)
at homework.ch11_13.p3.Faculty.getFacultyId(Faculty.java:23)
at homework.ch11_13.p3.Faculty.getFacultyId(Faculty.java:23)
at homework.ch11_13.p3.Faculty.getFacultyId(Faculty.java:23)
at homework.ch11_13.p3.Faculty.getFacultyId(Faculty.java:23)
at homework.ch11_13.p3.Faculty.getFacultyId(Faculty.java:23)
at homework.ch11_13.p3.Faculty.getFacultyId(Faculty.java:23)
at homework.ch11_13.p3.Faculty.getFacultyId(Faculty.java:23)
at homework.ch11_13.p3.Faculty.getFacultyId(Faculty.java:23)
at homework.ch11_13.p3.Faculty.getFacultyId(Faculty.java:23)
at homework.ch11_13.p3.Faculty.getFacultyId(Faculty.java:23)
at homework.ch11_13.p3.Faculty.getFacultyId(Faculty.java:23)
at homework.ch11_13.p3.Faculty.getFacultyId(Faculty.java:23)
at homework.ch11_13.p3.Faculty.getFacultyId(Faculty.java:23)
at homework.ch11_13.p3.Faculty.getFacultyId(Faculty.java:23)
at homework.ch11_13.p3.Faculty.getFacultyId(Faculty.java:23)
at homework.ch11_13.p3.Faculty.getFacultyId(Faculty.java:23)
at homework.ch11_13.p3.Faculty.getFacultyId(Faculty.java:23)
at homework.ch11_13.p3.Faculty.getFacultyId(Faculty.java:23)
at homework.ch11_13.p3.Faculty.getFacultyId(Faculty.java:23)
at homework.ch11_13.p3.Faculty.getFacultyId(Faculty.java:23)
at homework.ch11_13.p3.Faculty.getFacultyId(Faculty.java:23)
at homework.ch11_13.p3.Faculty.getFacultyId(Faculty.java:23)
at homework.ch11_13.p3.Faculty.getFacultyId(Faculty.java:23)
at homework.ch11_13.p3.Faculty.getFacultyId(Faculty.java:23)
at homework.ch11_13.p3.Faculty.getFacultyId(Faculty.java:23)
at homework.ch11_13.p3.Faculty.getFacultyId(Faculty.java:23)
at homework.ch11_13.p3.Faculty.getFacultyId(Faculty.java:23)
at homework.ch11_13.p3.Faculty.getFacultyId(Faculty.java:23)
at homework.ch11_13.p3.Faculty.getFacultyId(Faculty.java:23)
at homework.ch11_13.p3.Faculty.getFacultyId(Faculty.java:23)
at homework.ch11_13.p3.Faculty.getFacultyId(Faculty.java:23)
at homework.ch11_13.p3.Faculty.getFacultyId(Faculty.java:23)
at homework.ch11_13.p3.Faculty.getFacultyId(Faculty.java:23)
at homework.ch11_13.p3.Faculty.getFacultyId(Faculty.java:23)
at homework.ch11_13.p3.Faculty.getFacultyId(Faculty.java:23)
at homework.ch11_13.p3.Faculty.getFacultyId(Faculty.java:23)
at homework.ch11_13.p3.Faculty.getFacultyId(Faculty.java:23)
at homework.ch11_13.p3.Faculty.getFacultyId(Faculty.java:23)
at homework.ch11_13.p3.Faculty.getFacultyId(Faculty.java:23)
at homework.ch11_13.p3.Faculty.getFacultyId(Faculty.java:23)
at homework.ch11_13.p3.Faculty.getFacultyId(Faculty.java:23)
at homework.ch11_13.p3.Faculty.getFacultyId(Faculty.java:23)
at homework.ch11_13.p3.Faculty.getFacultyId(Faculty.java:23)
at homework.ch11_13.p3.Faculty.getFacultyId(Faculty.java:23)
at homework.ch11_13.p3.Faculty.getFacultyId(Faculty.java:23)
at homework.ch11_13.p3.Faculty.getFacultyId(Faculty.java:23)
at homework.ch11_13.p3.Faculty.getFacultyId(Faculty.java:23)
at homework.ch11_13.p3.Faculty.getFacultyId(Faculty.java:23)
at homework.ch11_13.p3.Faculty.getFacultyId(Faculty.java:23)
at homework.ch11_13.p3.Faculty.getFacultyId(Faculty.java:23)
at homework.ch11_13.p3.Faculty.getFacultyId(Faculty.java:23)
at homework.ch11_13.p3.Faculty.getFacultyId(Faculty.java:23)
at homework.ch11_13.p3.Faculty.getFacultyId(Faculty.java:23)
at homework.ch11_13.p3.Faculty.getFacultyId(Faculty.java:23)
at homework.ch11_13.p3.Faculty.getFacultyId(Faculty.java:23)
at homework.ch11_13.p3.Faculty.getFacultyId(Faculty.java:23)
at homework.ch11_13.p3.Faculty.getFacultyId(Faculty.java:23)
at homework.ch11_13.p3.Faculty.getFacultyId(Faculty.java:23)
at homework.ch11_13.p3.Faculty.getFacultyId(Faculty.java:23)
at homework.ch11_13.p3.Faculty.getFacultyId(Faculty.java:23)
at homework.ch11_13.p3.Faculty.getFacultyId(Faculty.java:23)
at homework.ch11_13.p3.Faculty.getFacultyId(Faculty.java:23)
at homework.ch11_13.p3.Faculty.getFacultyId(Faculty.java:23)
at homework.ch11_13.p3.Faculty.getFacultyId(Faculty.java:23)
at homework.ch11_13.p3.Faculty.getFacultyId(Faculty.java:23)
at homework.ch11_13.p3.Faculty.getFacultyId(Faculty.java:23)
at homework.ch11_13.p3.Faculty.getFacultyId(Faculty.java:23)
at homework.ch11_13.p3.Faculty.getFacultyId(Faculty.java:23)
at homework.ch11_13.p3.Faculty.getFacultyId(Faculty.java:23)
at homework.ch11_13.p3.Faculty.getFacultyId(Faculty.java:23)
at homework.ch11_13.p3.Faculty.getFacultyId(Faculty.java:23)
at homework.ch11_13.p3.Faculty.getFacultyId(Faculty.java:23)
at homework.ch11_13.p3.Faculty.getFacultyId(Faculty.java:23)
at homework.ch11_13.p3.Faculty.getFacultyId(Faculty.java:23)
at homework.ch11_13.p3.Faculty.getFacultyId(Faculty.java:23)
at homework.ch11_13.p3.Faculty.getFacultyId(Faculty.java:23)
at homework.ch11_13.p3.Faculty.getFacultyId(Faculty.java:23)
at homework.ch11_13.p3.Faculty.getFacultyId(Faculty.java:23)
at homework.ch11_13.p3.Faculty.getFacultyId(Faculty.java:23)
at homework.ch11_13.p3.Faculty.getFacultyId(Faculty.java:23)
at homework.ch11_13.p3.Faculty.getFacultyId(Faculty.java:23)
at homework.ch11_13.p3.Faculty.getFacultyId(Faculty.java:23)
at homework.ch11_13.p3.Faculty.getFacultyId(Faculty.java:23)
at homework.ch11_13.p3.Faculty.getFacultyId(Faculty.java:23)
at homework.ch11_13.p3.Faculty.getFacultyId(Faculty.java:23)
at homework.ch11_13.p3.Faculty.getFacultyId(Faculty.java:23)
at homework.ch11_13.p3.Faculty.getFacultyId(Faculty.java:23)
at homework.ch11_13.p3.Faculty.getFacultyId(Faculty.java:23)
at homework.ch11_13.p3.Faculty.getFacultyId(Faculty.java:23)
at homework.ch11_13.p3.Faculty.getFacultyId(Faculty.java:23)
at homework.ch11_13.p3.Faculty.getFacultyId(Faculty.java:23)
at homework.ch11_13.p3.Faculty.getFacultyId(Faculty.java:23)
at homework.ch11_13.p3.Faculty.getFacultyId(Faculty.java:23)
at homework.ch11_13.p3.Faculty.getFacultyId(Faculty.java:23)
at homework.ch11_13.p3.Faculty.getFacultyId(Faculty.java:23)
at homework.ch11_13.p3.Faculty.getFacultyId(Faculty.java:23)
at homework.ch11_13.p3.Faculty.getFacultyId(Faculty.java:23)
at homework.ch11_13.p3.Faculty.getFacultyId(Faculty.java:23)
at homework.ch11_13.p3.Faculty.getFacultyId(Faculty.java:23)
at homework.ch11_13.p3.Faculty.getFacultyId(Faculty.java:23)
at homework.ch11_13.p3.Faculty.getFacultyId(Faculty.java:23)
at homework.ch11_13.p3.Faculty.getFacultyId(Faculty.java:23)
at homework.ch11_13.p3.Faculty.getFacultyId(Faculty.java:23)
at homework.ch11_13.p3.Faculty.getFacultyId(Faculty.java:23)
at homework.ch11_13.p3.Faculty.getFacultyId(Faculty.java:23)
at homework.ch11_13.p3.Faculty.getFacultyId(Faculty.java:23)
at homework.ch11_13.p3.Faculty.getFacultyId(Faculty.java:23)
at homework.ch11_13.p3.Faculty.getFacultyId(Faculty.java:23)
at homework.ch11_13.p3.Faculty.getFacultyId(Faculty.java:23)
at homework.ch11_13.p3.Faculty.getFacultyId(Faculty.java:23)
at homework.ch11_13.p3.Faculty.getFacultyId(Faculty.java:23)
at homework.ch11_13.p3.Faculty.getFacultyId(Faculty.java:23)
at homework.ch11_13.p3.Faculty.getFacultyId(Faculty.java:23)
at homework.ch11_13.p3.Faculty.getFacultyId(Faculty.java:23)
at homework.ch11_13.p3.Faculty.getFacultyId(Faculty.java:23)
at homework.ch11_13.p3.Faculty.getFacultyId(Faculty.java:23)
at homework.ch11_13.p3.Faculty.getFacultyId(Faculty.java:23)
at homework.ch11_13.p3.Faculty.getFacultyId(Faculty.java:23)
at homework.ch11_13.p3.Faculty.getFacultyId(Faculty.java:23)
at homework.ch11_13.p3.Faculty.getFacultyId(Faculty.java:23)
at homework.ch11_13.p3.Faculty.getFacultyId(Faculty.java:23)
at homework.ch11_13.p3.Faculty.getFacultyId(Faculty.java:23)
at homework.ch11_13.p3.Faculty.getFacultyId(Faculty.java:23)
at homework.ch11_13.p3.Faculty.getFacultyId(Faculty.java:23)
at homework.ch11_13.p3.Faculty.getFacultyId(Faculty.java:23)
at homework.ch11_13.p3.Faculty.getFacultyId(Faculty.java:23)
at homework.ch11_13.p3.Faculty.getFacultyId(Faculty.java:23)
at homework.ch11_13.p3.Faculty.getFacultyId(Faculty.java:23)
at homework.ch11_13.p3.Faculty.getFacultyId(Faculty.java:23)
at homework.ch11_13.p3.Faculty.getFacultyId(Faculty.java:23)
at homework.ch11_13.p3.Faculty.getFacultyId(Faculty.java:23)
at homework.ch11_13.p3.Faculty.getFacultyId(Faculty.java:23)
at homework.ch11_13.p3.Faculty.getFacultyId(Faculty.java:23)
at homework.ch11_13.p3.Faculty.getFacultyId(Faculty.java:23)
at homework.ch11_13.p3.Faculty.getFacultyId(Faculty.java:23)
at homework.ch11_13.p3.Faculty.getFacultyId(Faculty.java:23)
at homework.ch11_13.p3.Faculty.getFacultyId(Faculty.java:23)
at homework.ch11_13.p3.Faculty.getFacultyId(Faculty.java:23)
at homework.ch11_13.p3.Faculty.getFacultyId(Faculty.java:23)
at homework.ch11_13.p3.Faculty.getFacultyId(Faculty.java:23)
at homework.ch11_13.p3.Faculty.getFacultyId(Faculty.java:23)
at homework.ch11_13.p3.Faculty.getFacultyId(Faculty.java:23)
at homework.ch11_13.p3.Faculty.getFacultyId(Faculty.java:23)
at homework.ch11_13.p3.Faculty.getFacultyId(Faculty.java:23)
at homework.ch11_13.p3.Faculty.getFacultyId(Faculty.java:23)
at homework.ch11_13.p3.Faculty.getFacultyId(Faculty.java:23)
at homework.ch11_13.p3.Faculty.getFacultyId(Faculty.java:23)
at homework.ch11_13.p3.Faculty.getFacultyId(Faculty.java:23)
at homework.ch11_13.p3.Faculty.getFacultyId(Faculty.java:23)
at homework.ch11_13.p3.Faculty.getFacultyId(Faculty.java:23)
at homework.ch11_13.p3.Faculty.getFacultyId(Faculty.java:23)
at homework.ch11_13.p3.Faculty.getFacultyId(Faculty.java:23)
at homework.ch11_13.p3.Faculty.getFacultyId(Faculty.java:23)
at homework.ch11_13.p3.Faculty.getFacultyId(Faculty.java:23)
at homework.ch11_13.p3.Faculty.getFacultyId(Faculty.java:23)
at homework.ch11_13.p3.Faculty.getFacultyId(Faculty.java:23)
at homework.ch11_13.p3.Faculty.getFacultyId(Faculty.java:23)
at homework.ch11_13.p3.Faculty.getFacultyId(Faculty.java:23)
at homework.ch11_13.p3.Faculty.getFacultyId(Faculty.java:23)
at homework.ch11_13.p3.Faculty.getFacultyId(Faculty.java:23)
at homework.ch11_13.p3.Faculty.getFacultyId(Faculty.java:23)
at homework.ch11_13.p3.Faculty.getFacultyId(Faculty.java:23)
at homework.ch11_13.p3.Faculty.getFacultyId(Faculty.java:23)
at homework.ch11_13.p3.Faculty.getFacultyId(Faculty.java:23)
at homework.ch11_13.p3.Faculty.getFacultyId(Faculty.java:23)
at homework.ch11_13.p3.Faculty.getFacultyId(Faculty.java:23)
at homework.ch11_13.p3.Faculty.getFacultyId(Faculty.java:23)
at homework.ch11_13.p3.Faculty.getFacultyId(Faculty.java:23)
at homework.ch11_13.p3.Faculty.getFacultyId(Faculty.java:23)
at homework.ch11_13.p3.Faculty.getFacultyId(Faculty.java:23)
at homework.ch11_13.p3.Faculty.getFacultyId(Faculty.java:23)
at homework.ch11_13.p3.Faculty.getFacultyId(Faculty.java:23)
at homework.ch11_13.p3.Faculty.getFacultyId(Faculty.java:23)
at homework.ch11_13.p3.Faculty.getFacultyId(Faculty.java:23)
at homework.ch11_13.p3.Faculty.getFacultyId(Faculty.java:23)
at homework.ch11_13.p3.Faculty.getFacultyId(Faculty.java:23)
at homework.ch11_13.p3.Faculty.getFacultyId(Faculty.java:23)
at homework.ch11_13.p3.Faculty.getFacultyId(Faculty.java:23)
at homework.ch11_13.p3.Faculty.getFacultyId(Faculty.java:23)
at homework.ch11_13.p3.Faculty.getFacultyId(Faculty.java:23)
at homework.ch11_13.p3.Faculty.getFacultyId(Faculty.java:23)
at homework.ch11_13.p3.Faculty.getFacultyId(Faculty.java:23)
at homework.ch11_13.p3.Faculty.getFacultyId(Faculty.java:23)
at homework.ch11_13.p3.Faculty.getFacultyId(Faculty.java:23)
at homework.ch11_13.p3.Faculty.getFacultyId(Faculty.java:23)
at homework.ch11_13.p3.Faculty.getFacultyId(Faculty.java:23)
at homework.ch11_13.p3.Faculty.getFacultyId(Faculty.java:23)
at homework.ch11_13.p3.Faculty.getFacultyId(Faculty.java:23)
at homework.ch11_13.p3.Faculty.getFacultyId(Faculty.java:23)
at homework.ch11_13.p3.Faculty.getFacultyId(Faculty.java:23)
at homework.ch11_13.p3.Faculty.getFacultyId(Faculty.java:23)
at homework.ch11_13.p3.Faculty.getFacultyId(Faculty.java:23)
at homework.ch11_13.p3.Faculty.getFacultyId(Faculty.java:23)
at homework.ch11_13.p3.Faculty.getFacultyId(Faculty.java:23)
at homework.ch11_13.p3.Faculty.getFacultyId(Faculty.java:23)
at homework.ch11_13.p3.Faculty.getFacultyId(Faculty.java:23)
at homework.ch11_13.p3.Faculty.getFacultyId(Faculty.java:23)
at homework.ch11_13.p3.Faculty.getFacultyId(Faculty.java:23)
at homework.ch11_13.p3.Faculty.getFacultyId(Faculty.java:23)
at homework.ch11_13.p3.Faculty.getFacultyId(Faculty.java:23)
at homework.ch11_13.p3.Faculty.getFacultyId(Faculty.java:23)
at homework.ch11_13.p3.Faculty.getFacultyId(Faculty.java:23)
at homework.ch11_13.p3.Faculty.getFacultyId(Faculty.java:23)
at homework.ch11_13.p3.Faculty.getFacultyId(Faculty.java:23)
at homework.ch11_13.p3.Faculty.getFacultyId(Faculty.java:23)
at homework.ch11_13.p3.Faculty.getFacultyId(Faculty.java:23)
at homework.ch11_13.p3.Faculty.getFacultyId(Faculty.java:23)
at homework.ch11_13.p3.Faculty.getFacultyId(Faculty.java:23)
at homework.ch11_13.p3.Faculty.getFacultyId(Faculty.java:23)
]]>
    </error>
  </testcase> <!-- testGetFacultyId -->
  <testcase classname="homework.ch11_13.FacultyTest" name="testTestEquals" time="0.000">
    <error type="java.lang.NullPointerException">
      <![CDATA[java.lang.NullPointerException
at homework.ch11_13.p3.Faculty.equals(Faculty.java:57)
at homework.ch11_13.FacultyTest.testTestEquals(FacultyTest.java:73)
at java.base/jdk.internal.reflect.NativeMethodAccessorImpl.invoke0(Native Method)
at java.base/jdk.internal.reflect.NativeMethodAccessorImpl.invoke(NativeMethodAccessorImpl.java:62)
at java.base/jdk.internal.reflect.DelegatingMethodAccessorImpl.invoke(DelegatingMethodAccessorImpl.java:43)
at java.base/java.lang.reflect.Method.invoke(Method.java:567)
at org.testng.internal.MethodInvocationHelper.invokeMethod(MethodInvocationHelper.java:124)
at org.testng.internal.Invoker.invokeMethod(Invoker.java:583)
at org.testng.internal.Invoker.invokeTestMethod(Invoker.java:719)
at org.testng.internal.Invoker.invokeTestMethods(Invoker.java:989)
at org.testng.internal.TestMethodWorker.invokeTestMethods(TestMethodWorker.java:125)
at org.testng.internal.TestMethodWorker.run(TestMethodWorker.java:109)
at org.testng.TestRunner.privateRun(TestRunner.java:648)
at org.testng.TestRunner.run(TestRunner.java:505)
at org.testng.SuiteRunner.runTest(SuiteRunner.java:455)
at org.testng.SuiteRunner.runSequentially(SuiteRunner.java:450)
at org.testng.SuiteRunner.privateRun(SuiteRunner.java:415)
at org.testng.SuiteRunner.run(SuiteRunner.java:364)
at org.testng.SuiteRunnerWorker.runSuite(SuiteRunnerWorker.java:52)
at org.testng.SuiteRunnerWorker.run(SuiteRunnerWorker.java:84)
at org.testng.TestNG.runSuitesSequentially(TestNG.java:1208)
at org.testng.TestNG.runSuitesSequentially(TestNG.java:1204)
at org.testng.TestNG.runSuitesLocally(TestNG.java:1137)
at org.testng.TestNG.runSuites(TestNG.java:1049)
at org.testng.TestNG.run(TestNG.java:1017)
at org.testng.TestNG.privateMain(TestNG.java:1354)
at org.testng.TestNG.main(TestNG.java:1323)
]]>
    </error>
  </testcase> <!-- testTestEquals -->
  <testcase classname="homework.ch11_13.FacultyTest" name="testTestEquals" time="0.000"/>
  <testcase classname="homework.ch11_13.FacultyTest" name="testTestEquals" time="0.001"/>
  <testcase classname="homework.ch11_13.FacultyTest" name="testSetFacultyId" time="0.006">
    <error type="java.lang.StackOverflowError">
      <![CDATA[java.lang.StackOverflowError
at homework.ch11_13.p3.Faculty.getFacultyId(Faculty.java:23)
at homework.ch11_13.p3.Faculty.getFacultyId(Faculty.java:23)
at homework.ch11_13.p3.Faculty.getFacultyId(Faculty.java:23)
at homework.ch11_13.p3.Faculty.getFacultyId(Faculty.java:23)
at homework.ch11_13.p3.Faculty.getFacultyId(Faculty.java:23)
at homework.ch11_13.p3.Faculty.getFacultyId(Faculty.java:23)
at homework.ch11_13.p3.Faculty.getFacultyId(Faculty.java:23)
at homework.ch11_13.p3.Faculty.getFacultyId(Faculty.java:23)
at homework.ch11_13.p3.Faculty.getFacultyId(Faculty.java:23)
at homework.ch11_13.p3.Faculty.getFacultyId(Faculty.java:23)
at homework.ch11_13.p3.Faculty.getFacultyId(Faculty.java:23)
at homework.ch11_13.p3.Faculty.getFacultyId(Faculty.java:23)
at homework.ch11_13.p3.Faculty.getFacultyId(Faculty.java:23)
at homework.ch11_13.p3.Faculty.getFacultyId(Faculty.java:23)
at homework.ch11_13.p3.Faculty.getFacultyId(Faculty.java:23)
at homework.ch11_13.p3.Faculty.getFacultyId(Faculty.java:23)
at homework.ch11_13.p3.Faculty.getFacultyId(Faculty.java:23)
at homework.ch11_13.p3.Faculty.getFacultyId(Faculty.java:23)
at homework.ch11_13.p3.Faculty.getFacultyId(Faculty.java:23)
at homework.ch11_13.p3.Faculty.getFacultyId(Faculty.java:23)
at homework.ch11_13.p3.Faculty.getFacultyId(Faculty.java:23)
at homework.ch11_13.p3.Faculty.getFacultyId(Faculty.java:23)
at homework.ch11_13.p3.Faculty.getFacultyId(Faculty.java:23)
at homework.ch11_13.p3.Faculty.getFacultyId(Faculty.java:23)
at homework.ch11_13.p3.Faculty.getFacultyId(Faculty.java:23)
at homework.ch11_13.p3.Faculty.getFacultyId(Faculty.java:23)
at homework.ch11_13.p3.Faculty.getFacultyId(Faculty.java:23)
at homework.ch11_13.p3.Faculty.getFacultyId(Faculty.java:23)
at homework.ch11_13.p3.Faculty.getFacultyId(Faculty.java:23)
at homework.ch11_13.p3.Faculty.getFacultyId(Faculty.java:23)
at homework.ch11_13.p3.Faculty.getFacultyId(Faculty.java:23)
at homework.ch11_13.p3.Faculty.getFacultyId(Faculty.java:23)
at homework.ch11_13.p3.Faculty.getFacultyId(Faculty.java:23)
at homework.ch11_13.p3.Faculty.getFacultyId(Faculty.java:23)
at homework.ch11_13.p3.Faculty.getFacultyId(Faculty.java:23)
at homework.ch11_13.p3.Faculty.getFacultyId(Faculty.java:23)
at homework.ch11_13.p3.Faculty.getFacultyId(Faculty.java:23)
at homework.ch11_13.p3.Faculty.getFacultyId(Faculty.java:23)
at homework.ch11_13.p3.Faculty.getFacultyId(Faculty.java:23)
at homework.ch11_13.p3.Faculty.getFacultyId(Faculty.java:23)
at homework.ch11_13.p3.Faculty.getFacultyId(Faculty.java:23)
at homework.ch11_13.p3.Faculty.getFacultyId(Faculty.java:23)
at homework.ch11_13.p3.Faculty.getFacultyId(Faculty.java:23)
at homework.ch11_13.p3.Faculty.getFacultyId(Faculty.java:23)
at homework.ch11_13.p3.Faculty.getFacultyId(Faculty.java:23)
at homework.ch11_13.p3.Faculty.getFacultyId(Faculty.java:23)
at homework.ch11_13.p3.Faculty.getFacultyId(Faculty.java:23)
at homework.ch11_13.p3.Faculty.getFacultyId(Faculty.java:23)
at homework.ch11_13.p3.Faculty.getFacultyId(Faculty.java:23)
at homework.ch11_13.p3.Faculty.getFacultyId(Faculty.java:23)
at homework.ch11_13.p3.Faculty.getFacultyId(Faculty.java:23)
at homework.ch11_13.p3.Faculty.getFacultyId(Faculty.java:23)
at homework.ch11_13.p3.Faculty.getFacultyId(Faculty.java:23)
at homework.ch11_13.p3.Faculty.getFacultyId(Faculty.java:23)
at homework.ch11_13.p3.Faculty.getFacultyId(Faculty.java:23)
at homework.ch11_13.p3.Faculty.getFacultyId(Faculty.java:23)
at homework.ch11_13.p3.Faculty.getFacultyId(Faculty.java:23)
at homework.ch11_13.p3.Faculty.getFacultyId(Faculty.java:23)
at homework.ch11_13.p3.Faculty.getFacultyId(Faculty.java:23)
at homework.ch11_13.p3.Faculty.getFacultyId(Faculty.java:23)
at homework.ch11_13.p3.Faculty.getFacultyId(Faculty.java:23)
at homework.ch11_13.p3.Faculty.getFacultyId(Faculty.java:23)
at homework.ch11_13.p3.Faculty.getFacultyId(Faculty.java:23)
at homework.ch11_13.p3.Faculty.getFacultyId(Faculty.java:23)
at homework.ch11_13.p3.Faculty.getFacultyId(Faculty.java:23)
at homework.ch11_13.p3.Faculty.getFacultyId(Faculty.java:23)
at homework.ch11_13.p3.Faculty.getFacultyId(Faculty.java:23)
at homework.ch11_13.p3.Faculty.getFacultyId(Faculty.java:23)
at homework.ch11_13.p3.Faculty.getFacultyId(Faculty.java:23)
at homework.ch11_13.p3.Faculty.getFacultyId(Faculty.java:23)
at homework.ch11_13.p3.Faculty.getFacultyId(Faculty.java:23)
at homework.ch11_13.p3.Faculty.getFacultyId(Faculty.java:23)
at homework.ch11_13.p3.Faculty.getFacultyId(Faculty.java:23)
at homework.ch11_13.p3.Faculty.getFacultyId(Faculty.java:23)
at homework.ch11_13.p3.Faculty.getFacultyId(Faculty.java:23)
at homework.ch11_13.p3.Faculty.getFacultyId(Faculty.java:23)
at homework.ch11_13.p3.Faculty.getFacultyId(Faculty.java:23)
at homework.ch11_13.p3.Faculty.getFacultyId(Faculty.java:23)
at homework.ch11_13.p3.Faculty.getFacultyId(Faculty.java:23)
at homework.ch11_13.p3.Faculty.getFacultyId(Faculty.java:23)
at homework.ch11_13.p3.Faculty.getFacultyId(Faculty.java:23)
at homework.ch11_13.p3.Faculty.getFacultyId(Faculty.java:23)
at homework.ch11_13.p3.Faculty.getFacultyId(Faculty.java:23)
at homework.ch11_13.p3.Faculty.getFacultyId(Faculty.java:23)
at homework.ch11_13.p3.Faculty.getFacultyId(Faculty.java:23)
at homework.ch11_13.p3.Faculty.getFacultyId(Faculty.java:23)
at homework.ch11_13.p3.Faculty.getFacultyId(Faculty.java:23)
at homework.ch11_13.p3.Faculty.getFacultyId(Faculty.java:23)
at homework.ch11_13.p3.Faculty.getFacultyId(Faculty.java:23)
at homework.ch11_13.p3.Faculty.getFacultyId(Faculty.java:23)
at homework.ch11_13.p3.Faculty.getFacultyId(Faculty.java:23)
at homework.ch11_13.p3.Faculty.getFacultyId(Faculty.java:23)
at homework.ch11_13.p3.Faculty.getFacultyId(Faculty.java:23)
at homework.ch11_13.p3.Faculty.getFacultyId(Faculty.java:23)
at homework.ch11_13.p3.Faculty.getFacultyId(Faculty.java:23)
at homework.ch11_13.p3.Faculty.getFacultyId(Faculty.java:23)
at homework.ch11_13.p3.Faculty.getFacultyId(Faculty.java:23)
at homework.ch11_13.p3.Faculty.getFacultyId(Faculty.java:23)
at homework.ch11_13.p3.Faculty.getFacultyId(Faculty.java:23)
at homework.ch11_13.p3.Faculty.getFacultyId(Faculty.java:23)
at homework.ch11_13.p3.Faculty.getFacultyId(Faculty.java:23)
at homework.ch11_13.p3.Faculty.getFacultyId(Faculty.java:23)
at homework.ch11_13.p3.Faculty.getFacultyId(Faculty.java:23)
at homework.ch11_13.p3.Faculty.getFacultyId(Faculty.java:23)
at homework.ch11_13.p3.Faculty.getFacultyId(Faculty.java:23)
at homework.ch11_13.p3.Faculty.getFacultyId(Faculty.java:23)
at homework.ch11_13.p3.Faculty.getFacultyId(Faculty.java:23)
at homework.ch11_13.p3.Faculty.getFacultyId(Faculty.java:23)
at homework.ch11_13.p3.Faculty.getFacultyId(Faculty.java:23)
at homework.ch11_13.p3.Faculty.getFacultyId(Faculty.java:23)
at homework.ch11_13.p3.Faculty.getFacultyId(Faculty.java:23)
at homework.ch11_13.p3.Faculty.getFacultyId(Faculty.java:23)
at homework.ch11_13.p3.Faculty.getFacultyId(Faculty.java:23)
at homework.ch11_13.p3.Faculty.getFacultyId(Faculty.java:23)
at homework.ch11_13.p3.Faculty.getFacultyId(Faculty.java:23)
at homework.ch11_13.p3.Faculty.getFacultyId(Faculty.java:23)
at homework.ch11_13.p3.Faculty.getFacultyId(Faculty.java:23)
at homework.ch11_13.p3.Faculty.getFacultyId(Faculty.java:23)
at homework.ch11_13.p3.Faculty.getFacultyId(Faculty.java:23)
at homework.ch11_13.p3.Faculty.getFacultyId(Faculty.java:23)
at homework.ch11_13.p3.Faculty.getFacultyId(Faculty.java:23)
at homework.ch11_13.p3.Faculty.getFacultyId(Faculty.java:23)
at homework.ch11_13.p3.Faculty.getFacultyId(Faculty.java:23)
at homework.ch11_13.p3.Faculty.getFacultyId(Faculty.java:23)
at homework.ch11_13.p3.Faculty.getFacultyId(Faculty.java:23)
at homework.ch11_13.p3.Faculty.getFacultyId(Faculty.java:23)
at homework.ch11_13.p3.Faculty.getFacultyId(Faculty.java:23)
at homework.ch11_13.p3.Faculty.getFacultyId(Faculty.java:23)
at homework.ch11_13.p3.Faculty.getFacultyId(Faculty.java:23)
at homework.ch11_13.p3.Faculty.getFacultyId(Faculty.java:23)
at homework.ch11_13.p3.Faculty.getFacultyId(Faculty.java:23)
at homework.ch11_13.p3.Faculty.getFacultyId(Faculty.java:23)
at homework.ch11_13.p3.Faculty.getFacultyId(Faculty.java:23)
at homework.ch11_13.p3.Faculty.getFacultyId(Faculty.java:23)
at homework.ch11_13.p3.Faculty.getFacultyId(Faculty.java:23)
at homework.ch11_13.p3.Faculty.getFacultyId(Faculty.java:23)
at homework.ch11_13.p3.Faculty.getFacultyId(Faculty.java:23)
at homework.ch11_13.p3.Faculty.getFacultyId(Faculty.java:23)
at homework.ch11_13.p3.Faculty.getFacultyId(Faculty.java:23)
at homework.ch11_13.p3.Faculty.getFacultyId(Faculty.java:23)
at homework.ch11_13.p3.Faculty.getFacultyId(Faculty.java:23)
at homework.ch11_13.p3.Faculty.getFacultyId(Faculty.java:23)
at homework.ch11_13.p3.Faculty.getFacultyId(Faculty.java:23)
at homework.ch11_13.p3.Faculty.getFacultyId(Faculty.java:23)
at homework.ch11_13.p3.Faculty.getFacultyId(Faculty.java:23)
at homework.ch11_13.p3.Faculty.getFacultyId(Faculty.java:23)
at homework.ch11_13.p3.Faculty.getFacultyId(Faculty.java:23)
at homework.ch11_13.p3.Faculty.getFacultyId(Faculty.java:23)
at homework.ch11_13.p3.Faculty.getFacultyId(Faculty.java:23)
at homework.ch11_13.p3.Faculty.getFacultyId(Faculty.java:23)
at homework.ch11_13.p3.Faculty.getFacultyId(Faculty.java:23)
at homework.ch11_13.p3.Faculty.getFacultyId(Faculty.java:23)
at homework.ch11_13.p3.Faculty.getFacultyId(Faculty.java:23)
at homework.ch11_13.p3.Faculty.getFacultyId(Faculty.java:23)
at homework.ch11_13.p3.Faculty.getFacultyId(Faculty.java:23)
at homework.ch11_13.p3.Faculty.getFacultyId(Faculty.java:23)
at homework.ch11_13.p3.Faculty.getFacultyId(Faculty.java:23)
at homework.ch11_13.p3.Faculty.getFacultyId(Faculty.java:23)
at homework.ch11_13.p3.Faculty.getFacultyId(Faculty.java:23)
at homework.ch11_13.p3.Faculty.getFacultyId(Faculty.java:23)
at homework.ch11_13.p3.Faculty.getFacultyId(Faculty.java:23)
at homework.ch11_13.p3.Faculty.getFacultyId(Faculty.java:23)
at homework.ch11_13.p3.Faculty.getFacultyId(Faculty.java:23)
at homework.ch11_13.p3.Faculty.getFacultyId(Faculty.java:23)
at homework.ch11_13.p3.Faculty.getFacultyId(Faculty.java:23)
at homework.ch11_13.p3.Faculty.getFacultyId(Faculty.java:23)
at homework.ch11_13.p3.Faculty.getFacultyId(Faculty.java:23)
at homework.ch11_13.p3.Faculty.getFacultyId(Faculty.java:23)
at homework.ch11_13.p3.Faculty.getFacultyId(Faculty.java:23)
at homework.ch11_13.p3.Faculty.getFacultyId(Faculty.java:23)
at homework.ch11_13.p3.Faculty.getFacultyId(Faculty.java:23)
at homework.ch11_13.p3.Faculty.getFacultyId(Faculty.java:23)
at homework.ch11_13.p3.Faculty.getFacultyId(Faculty.java:23)
at homework.ch11_13.p3.Faculty.getFacultyId(Faculty.java:23)
at homework.ch11_13.p3.Faculty.getFacultyId(Faculty.java:23)
at homework.ch11_13.p3.Faculty.getFacultyId(Faculty.java:23)
at homework.ch11_13.p3.Faculty.getFacultyId(Faculty.java:23)
at homework.ch11_13.p3.Faculty.getFacultyId(Faculty.java:23)
at homework.ch11_13.p3.Faculty.getFacultyId(Faculty.java:23)
at homework.ch11_13.p3.Faculty.getFacultyId(Faculty.java:23)
at homework.ch11_13.p3.Faculty.getFacultyId(Faculty.java:23)
at homework.ch11_13.p3.Faculty.getFacultyId(Faculty.java:23)
at homework.ch11_13.p3.Faculty.getFacultyId(Faculty.java:23)
at homework.ch11_13.p3.Faculty.getFacultyId(Faculty.java:23)
at homework.ch11_13.p3.Faculty.getFacultyId(Faculty.java:23)
at homework.ch11_13.p3.Faculty.getFacultyId(Faculty.java:23)
at homework.ch11_13.p3.Faculty.getFacultyId(Faculty.java:23)
at homework.ch11_13.p3.Faculty.getFacultyId(Faculty.java:23)
at homework.ch11_13.p3.Faculty.getFacultyId(Faculty.java:23)
at homework.ch11_13.p3.Faculty.getFacultyId(Faculty.java:23)
at homework.ch11_13.p3.Faculty.getFacultyId(Faculty.java:23)
at homework.ch11_13.p3.Faculty.getFacultyId(Faculty.java:23)
at homework.ch11_13.p3.Faculty.getFacultyId(Faculty.java:23)
at homework.ch11_13.p3.Faculty.getFacultyId(Faculty.java:23)
at homework.ch11_13.p3.Faculty.getFacultyId(Faculty.java:23)
at homework.ch11_13.p3.Faculty.getFacultyId(Faculty.java:23)
at homework.ch11_13.p3.Faculty.getFacultyId(Faculty.java:23)
at homework.ch11_13.p3.Faculty.getFacultyId(Faculty.java:23)
at homework.ch11_13.p3.Faculty.getFacultyId(Faculty.java:23)
at homework.ch11_13.p3.Faculty.getFacultyId(Faculty.java:23)
at homework.ch11_13.p3.Faculty.getFacultyId(Faculty.java:23)
at homework.ch11_13.p3.Faculty.getFacultyId(Faculty.java:23)
at homework.ch11_13.p3.Faculty.getFacultyId(Faculty.java:23)
at homework.ch11_13.p3.Faculty.getFacultyId(Faculty.java:23)
at homework.ch11_13.p3.Faculty.getFacultyId(Faculty.java:23)
at homework.ch11_13.p3.Faculty.getFacultyId(Faculty.java:23)
at homework.ch11_13.p3.Faculty.getFacultyId(Faculty.java:23)
at homework.ch11_13.p3.Faculty.getFacultyId(Faculty.java:23)
at homework.ch11_13.p3.Faculty.getFacultyId(Faculty.java:23)
at homework.ch11_13.p3.Faculty.getFacultyId(Faculty.java:23)
at homework.ch11_13.p3.Faculty.getFacultyId(Faculty.java:23)
at homework.ch11_13.p3.Faculty.getFacultyId(Faculty.java:23)
at homework.ch11_13.p3.Faculty.getFacultyId(Faculty.java:23)
at homework.ch11_13.p3.Faculty.getFacultyId(Faculty.java:23)
at homework.ch11_13.p3.Faculty.getFacultyId(Faculty.java:23)
at homework.ch11_13.p3.Faculty.getFacultyId(Faculty.java:23)
at homework.ch11_13.p3.Faculty.getFacultyId(Faculty.java:23)
at homework.ch11_13.p3.Faculty.getFacultyId(Faculty.java:23)
at homework.ch11_13.p3.Faculty.getFacultyId(Faculty.java:23)
at homework.ch11_13.p3.Faculty.getFacultyId(Faculty.java:23)
at homework.ch11_13.p3.Faculty.getFacultyId(Faculty.java:23)
at homework.ch11_13.p3.Faculty.getFacultyId(Faculty.java:23)
at homework.ch11_13.p3.Faculty.getFacultyId(Faculty.java:23)
at homework.ch11_13.p3.Faculty.getFacultyId(Faculty.java:23)
at homework.ch11_13.p3.Faculty.getFacultyId(Faculty.java:23)
at homework.ch11_13.p3.Faculty.getFacultyId(Faculty.java:23)
at homework.ch11_13.p3.Faculty.getFacultyId(Faculty.java:23)
at homework.ch11_13.p3.Faculty.getFacultyId(Faculty.java:23)
at homework.ch11_13.p3.Faculty.getFacultyId(Faculty.java:23)
at homework.ch11_13.p3.Faculty.getFacultyId(Faculty.java:23)
at homework.ch11_13.p3.Faculty.getFacultyId(Faculty.java:23)
at homework.ch11_13.p3.Faculty.getFacultyId(Faculty.java:23)
at homework.ch11_13.p3.Faculty.getFacultyId(Faculty.java:23)
at homework.ch11_13.p3.Faculty.getFacultyId(Faculty.java:23)
at homework.ch11_13.p3.Faculty.getFacultyId(Faculty.java:23)
at homework.ch11_13.p3.Faculty.getFacultyId(Faculty.java:23)
at homework.ch11_13.p3.Faculty.getFacultyId(Faculty.java:23)
at homework.ch11_13.p3.Faculty.getFacultyId(Faculty.java:23)
at homework.ch11_13.p3.Faculty.getFacultyId(Faculty.java:23)
at homework.ch11_13.p3.Faculty.getFacultyId(Faculty.java:23)
at homework.ch11_13.p3.Faculty.getFacultyId(Faculty.java:23)
at homework.ch11_13.p3.Faculty.getFacultyId(Faculty.java:23)
at homework.ch11_13.p3.Faculty.getFacultyId(Faculty.java:23)
at homework.ch11_13.p3.Faculty.getFacultyId(Faculty.java:23)
at homework.ch11_13.p3.Faculty.getFacultyId(Faculty.java:23)
at homework.ch11_13.p3.Faculty.getFacultyId(Faculty.java:23)
at homework.ch11_13.p3.Faculty.getFacultyId(Faculty.java:23)
at homework.ch11_13.p3.Faculty.getFacultyId(Faculty.java:23)
at homework.ch11_13.p3.Faculty.getFacultyId(Faculty.java:23)
at homework.ch11_13.p3.Faculty.getFacultyId(Faculty.java:23)
at homework.ch11_13.p3.Faculty.getFacultyId(Faculty.java:23)
at homework.ch11_13.p3.Faculty.getFacultyId(Faculty.java:23)
at homework.ch11_13.p3.Faculty.getFacultyId(Faculty.java:23)
at homework.ch11_13.p3.Faculty.getFacultyId(Faculty.java:23)
at homework.ch11_13.p3.Faculty.getFacultyId(Faculty.java:23)
at homework.ch11_13.p3.Faculty.getFacultyId(Faculty.java:23)
at homework.ch11_13.p3.Faculty.getFacultyId(Faculty.java:23)
at homework.ch11_13.p3.Faculty.getFacultyId(Faculty.java:23)
at homework.ch11_13.p3.Faculty.getFacultyId(Faculty.java:23)
at homework.ch11_13.p3.Faculty.getFacultyId(Faculty.java:23)
at homework.ch11_13.p3.Faculty.getFacultyId(Faculty.java:23)
at homework.ch11_13.p3.Faculty.getFacultyId(Faculty.java:23)
at homework.ch11_13.p3.Faculty.getFacultyId(Faculty.java:23)
at homework.ch11_13.p3.Faculty.getFacultyId(Faculty.java:23)
at homework.ch11_13.p3.Faculty.getFacultyId(Faculty.java:23)
at homework.ch11_13.p3.Faculty.getFacultyId(Faculty.java:23)
at homework.ch11_13.p3.Faculty.getFacultyId(Faculty.java:23)
at homework.ch11_13.p3.Faculty.getFacultyId(Faculty.java:23)
at homework.ch11_13.p3.Faculty.getFacultyId(Faculty.java:23)
at homework.ch11_13.p3.Faculty.getFacultyId(Faculty.java:23)
at homework.ch11_13.p3.Faculty.getFacultyId(Faculty.java:23)
at homework.ch11_13.p3.Faculty.getFacultyId(Faculty.java:23)
at homework.ch11_13.p3.Faculty.getFacultyId(Faculty.java:23)
at homework.ch11_13.p3.Faculty.getFacultyId(Faculty.java:23)
at homework.ch11_13.p3.Faculty.getFacultyId(Faculty.java:23)
at homework.ch11_13.p3.Faculty.getFacultyId(Faculty.java:23)
at homework.ch11_13.p3.Faculty.getFacultyId(Faculty.java:23)
at homework.ch11_13.p3.Faculty.getFacultyId(Faculty.java:23)
at homework.ch11_13.p3.Faculty.getFacultyId(Faculty.java:23)
at homework.ch11_13.p3.Faculty.getFacultyId(Faculty.java:23)
at homework.ch11_13.p3.Faculty.getFacultyId(Faculty.java:23)
at homework.ch11_13.p3.Faculty.getFacultyId(Faculty.java:23)
at homework.ch11_13.p3.Faculty.getFacultyId(Faculty.java:23)
at homework.ch11_13.p3.Faculty.getFacultyId(Faculty.java:23)
at homework.ch11_13.p3.Faculty.getFacultyId(Faculty.java:23)
at homework.ch11_13.p3.Faculty.getFacultyId(Faculty.java:23)
at homework.ch11_13.p3.Faculty.getFacultyId(Faculty.java:23)
at homework.ch11_13.p3.Faculty.getFacultyId(Faculty.java:23)
at homework.ch11_13.p3.Faculty.getFacultyId(Faculty.java:23)
at homework.ch11_13.p3.Faculty.getFacultyId(Faculty.java:23)
at homework.ch11_13.p3.Faculty.getFacultyId(Faculty.java:23)
at homework.ch11_13.p3.Faculty.getFacultyId(Faculty.java:23)
at homework.ch11_13.p3.Faculty.getFacultyId(Faculty.java:23)
at homework.ch11_13.p3.Faculty.getFacultyId(Faculty.java:23)
at homework.ch11_13.p3.Faculty.getFacultyId(Faculty.java:23)
at homework.ch11_13.p3.Faculty.getFacultyId(Faculty.java:23)
at homework.ch11_13.p3.Faculty.getFacultyId(Faculty.java:23)
at homework.ch11_13.p3.Faculty.getFacultyId(Faculty.java:23)
at homework.ch11_13.p3.Faculty.getFacultyId(Faculty.java:23)
at homework.ch11_13.p3.Faculty.getFacultyId(Faculty.java:23)
at homework.ch11_13.p3.Faculty.getFacultyId(Faculty.java:23)
at homework.ch11_13.p3.Faculty.getFacultyId(Faculty.java:23)
at homework.ch11_13.p3.Faculty.getFacultyId(Faculty.java:23)
at homework.ch11_13.p3.Faculty.getFacultyId(Faculty.java:23)
at homework.ch11_13.p3.Faculty.getFacultyId(Faculty.java:23)
at homework.ch11_13.p3.Faculty.getFacultyId(Faculty.java:23)
at homework.ch11_13.p3.Faculty.getFacultyId(Faculty.java:23)
at homework.ch11_13.p3.Faculty.getFacultyId(Faculty.java:23)
at homework.ch11_13.p3.Faculty.getFacultyId(Faculty.java:23)
at homework.ch11_13.p3.Faculty.getFacultyId(Faculty.java:23)
at homework.ch11_13.p3.Faculty.getFacultyId(Faculty.java:23)
at homework.ch11_13.p3.Faculty.getFacultyId(Faculty.java:23)
at homework.ch11_13.p3.Faculty.getFacultyId(Faculty.java:23)
at homework.ch11_13.p3.Faculty.getFacultyId(Faculty.java:23)
at homework.ch11_13.p3.Faculty.getFacultyId(Faculty.java:23)
at homework.ch11_13.p3.Faculty.getFacultyId(Faculty.java:23)
at homework.ch11_13.p3.Faculty.getFacultyId(Faculty.java:23)
at homework.ch11_13.p3.Faculty.getFacultyId(Faculty.java:23)
at homework.ch11_13.p3.Faculty.getFacultyId(Faculty.java:23)
at homework.ch11_13.p3.Faculty.getFacultyId(Faculty.java:23)
at homework.ch11_13.p3.Faculty.getFacultyId(Faculty.java:23)
at homework.ch11_13.p3.Faculty.getFacultyId(Faculty.java:23)
at homework.ch11_13.p3.Faculty.getFacultyId(Faculty.java:23)
at homework.ch11_13.p3.Faculty.getFacultyId(Faculty.java:23)
at homework.ch11_13.p3.Faculty.getFacultyId(Faculty.java:23)
at homework.ch11_13.p3.Faculty.getFacultyId(Faculty.java:23)
at homework.ch11_13.p3.Faculty.getFacultyId(Faculty.java:23)
at homework.ch11_13.p3.Faculty.getFacultyId(Faculty.java:23)
at homework.ch11_13.p3.Faculty.getFacultyId(Faculty.java:23)
at homework.ch11_13.p3.Faculty.getFacultyId(Faculty.java:23)
at homework.ch11_13.p3.Faculty.getFacultyId(Faculty.java:23)
at homework.ch11_13.p3.Faculty.getFacultyId(Faculty.java:23)
at homework.ch11_13.p3.Faculty.getFacultyId(Faculty.java:23)
at homework.ch11_13.p3.Faculty.getFacultyId(Faculty.java:23)
at homework.ch11_13.p3.Faculty.getFacultyId(Faculty.java:23)
at homework.ch11_13.p3.Faculty.getFacultyId(Faculty.java:23)
at homework.ch11_13.p3.Faculty.getFacultyId(Faculty.java:23)
at homework.ch11_13.p3.Faculty.getFacultyId(Faculty.java:23)
at homework.ch11_13.p3.Faculty.getFacultyId(Faculty.java:23)
at homework.ch11_13.p3.Faculty.getFacultyId(Faculty.java:23)
at homework.ch11_13.p3.Faculty.getFacultyId(Faculty.java:23)
at homework.ch11_13.p3.Faculty.getFacultyId(Faculty.java:23)
at homework.ch11_13.p3.Faculty.getFacultyId(Faculty.java:23)
at homework.ch11_13.p3.Faculty.getFacultyId(Faculty.java:23)
at homework.ch11_13.p3.Faculty.getFacultyId(Faculty.java:23)
at homework.ch11_13.p3.Faculty.getFacultyId(Faculty.java:23)
at homework.ch11_13.p3.Faculty.getFacultyId(Faculty.java:23)
at homework.ch11_13.p3.Faculty.getFacultyId(Faculty.java:23)
at homework.ch11_13.p3.Faculty.getFacultyId(Faculty.java:23)
at homework.ch11_13.p3.Faculty.getFacultyId(Faculty.java:23)
at homework.ch11_13.p3.Faculty.getFacultyId(Faculty.java:23)
at homework.ch11_13.p3.Faculty.getFacultyId(Faculty.java:23)
at homework.ch11_13.p3.Faculty.getFacultyId(Faculty.java:23)
at homework.ch11_13.p3.Faculty.getFacultyId(Faculty.java:23)
at homework.ch11_13.p3.Faculty.getFacultyId(Faculty.java:23)
at homework.ch11_13.p3.Faculty.getFacultyId(Faculty.java:23)
at homework.ch11_13.p3.Faculty.getFacultyId(Faculty.java:23)
at homework.ch11_13.p3.Faculty.getFacultyId(Faculty.java:23)
at homework.ch11_13.p3.Faculty.getFacultyId(Faculty.java:23)
at homework.ch11_13.p3.Faculty.getFacultyId(Faculty.java:23)
at homework.ch11_13.p3.Faculty.getFacultyId(Faculty.java:23)
at homework.ch11_13.p3.Faculty.getFacultyId(Faculty.java:23)
at homework.ch11_13.p3.Faculty.getFacultyId(Faculty.java:23)
at homework.ch11_13.p3.Faculty.getFacultyId(Faculty.java:23)
at homework.ch11_13.p3.Faculty.getFacultyId(Faculty.java:23)
at homework.ch11_13.p3.Faculty.getFacultyId(Faculty.java:23)
at homework.ch11_13.p3.Faculty.getFacultyId(Faculty.java:23)
at homework.ch11_13.p3.Faculty.getFacultyId(Faculty.java:23)
at homework.ch11_13.p3.Faculty.getFacultyId(Faculty.java:23)
at homework.ch11_13.p3.Faculty.getFacultyId(Faculty.java:23)
at homework.ch11_13.p3.Faculty.getFacultyId(Faculty.java:23)
at homework.ch11_13.p3.Faculty.getFacultyId(Faculty.java:23)
at homework.ch11_13.p3.Faculty.getFacultyId(Faculty.java:23)
at homework.ch11_13.p3.Faculty.getFacultyId(Faculty.java:23)
at homework.ch11_13.p3.Faculty.getFacultyId(Faculty.java:23)
at homework.ch11_13.p3.Faculty.getFacultyId(Faculty.java:23)
at homework.ch11_13.p3.Faculty.getFacultyId(Faculty.java:23)
at homework.ch11_13.p3.Faculty.getFacultyId(Faculty.java:23)
at homework.ch11_13.p3.Faculty.getFacultyId(Faculty.java:23)
at homework.ch11_13.p3.Faculty.getFacultyId(Faculty.java:23)
at homework.ch11_13.p3.Faculty.getFacultyId(Faculty.java:23)
at homework.ch11_13.p3.Faculty.getFacultyId(Faculty.java:23)
at homework.ch11_13.p3.Faculty.getFacultyId(Faculty.java:23)
at homework.ch11_13.p3.Faculty.getFacultyId(Faculty.java:23)
at homework.ch11_13.p3.Faculty.getFacultyId(Faculty.java:23)
at homework.ch11_13.p3.Faculty.getFacultyId(Faculty.java:23)
at homework.ch11_13.p3.Faculty.getFacultyId(Faculty.java:23)
at homework.ch11_13.p3.Faculty.getFacultyId(Faculty.java:23)
at homework.ch11_13.p3.Faculty.getFacultyId(Faculty.java:23)
at homework.ch11_13.p3.Faculty.getFacultyId(Faculty.java:23)
at homework.ch11_13.p3.Faculty.getFacultyId(Faculty.java:23)
at homework.ch11_13.p3.Faculty.getFacultyId(Faculty.java:23)
at homework.ch11_13.p3.Faculty.getFacultyId(Faculty.java:23)
at homework.ch11_13.p3.Faculty.getFacultyId(Faculty.java:23)
at homework.ch11_13.p3.Faculty.getFacultyId(Faculty.java:23)
at homework.ch11_13.p3.Faculty.getFacultyId(Faculty.java:23)
at homework.ch11_13.p3.Faculty.getFacultyId(Faculty.java:23)
at homework.ch11_13.p3.Faculty.getFacultyId(Faculty.java:23)
at homework.ch11_13.p3.Faculty.getFacultyId(Faculty.java:23)
at homework.ch11_13.p3.Faculty.getFacultyId(Faculty.java:23)
at homework.ch11_13.p3.Faculty.getFacultyId(Faculty.java:23)
at homework.ch11_13.p3.Faculty.getFacultyId(Faculty.java:23)
at homework.ch11_13.p3.Faculty.getFacultyId(Faculty.java:23)
at homework.ch11_13.p3.Faculty.getFacultyId(Faculty.java:23)
at homework.ch11_13.p3.Faculty.getFacultyId(Faculty.java:23)
at homework.ch11_13.p3.Faculty.getFacultyId(Faculty.java:23)
at homework.ch11_13.p3.Faculty.getFacultyId(Faculty.java:23)
at homework.ch11_13.p3.Faculty.getFacultyId(Faculty.java:23)
at homework.ch11_13.p3.Faculty.getFacultyId(Faculty.java:23)
at homework.ch11_13.p3.Faculty.getFacultyId(Faculty.java:23)
at homework.ch11_13.p3.Faculty.getFacultyId(Faculty.java:23)
at homework.ch11_13.p3.Faculty.getFacultyId(Faculty.java:23)
at homework.ch11_13.p3.Faculty.getFacultyId(Faculty.java:23)
at homework.ch11_13.p3.Faculty.getFacultyId(Faculty.java:23)
at homework.ch11_13.p3.Faculty.getFacultyId(Faculty.java:23)
at homework.ch11_13.p3.Faculty.getFacultyId(Faculty.java:23)
at homework.ch11_13.p3.Faculty.getFacultyId(Faculty.java:23)
at homework.ch11_13.p3.Faculty.getFacultyId(Faculty.java:23)
at homework.ch11_13.p3.Faculty.getFacultyId(Faculty.java:23)
at homework.ch11_13.p3.Faculty.getFacultyId(Faculty.java:23)
at homework.ch11_13.p3.Faculty.getFacultyId(Faculty.java:23)
at homework.ch11_13.p3.Faculty.getFacultyId(Faculty.java:23)
at homework.ch11_13.p3.Faculty.getFacultyId(Faculty.java:23)
at homework.ch11_13.p3.Faculty.getFacultyId(Faculty.java:23)
at homework.ch11_13.p3.Faculty.getFacultyId(Faculty.java:23)
at homework.ch11_13.p3.Faculty.getFacultyId(Faculty.java:23)
at homework.ch11_13.p3.Faculty.getFacultyId(Faculty.java:23)
at homework.ch11_13.p3.Faculty.getFacultyId(Faculty.java:23)
at homework.ch11_13.p3.Faculty.getFacultyId(Faculty.java:23)
at homework.ch11_13.p3.Faculty.getFacultyId(Faculty.java:23)
at homework.ch11_13.p3.Faculty.getFacultyId(Faculty.java:23)
at homework.ch11_13.p3.Faculty.getFacultyId(Faculty.java:23)
at homework.ch11_13.p3.Faculty.getFacultyId(Faculty.java:23)
at homework.ch11_13.p3.Faculty.getFacultyId(Faculty.java:23)
at homework.ch11_13.p3.Faculty.getFacultyId(Faculty.java:23)
at homework.ch11_13.p3.Faculty.getFacultyId(Faculty.java:23)
at homework.ch11_13.p3.Faculty.getFacultyId(Faculty.java:23)
at homework.ch11_13.p3.Faculty.getFacultyId(Faculty.java:23)
at homework.ch11_13.p3.Faculty.getFacultyId(Faculty.java:23)
at homework.ch11_13.p3.Faculty.getFacultyId(Faculty.java:23)
at homework.ch11_13.p3.Faculty.getFacultyId(Faculty.java:23)
at homework.ch11_13.p3.Faculty.getFacultyId(Faculty.java:23)
at homework.ch11_13.p3.Faculty.getFacultyId(Faculty.java:23)
at homework.ch11_13.p3.Faculty.getFacultyId(Faculty.java:23)
at homework.ch11_13.p3.Faculty.getFacultyId(Faculty.java:23)
at homework.ch11_13.p3.Faculty.getFacultyId(Faculty.java:23)
at homework.ch11_13.p3.Faculty.getFacultyId(Faculty.java:23)
at homework.ch11_13.p3.Faculty.getFacultyId(Faculty.java:23)
at homework.ch11_13.p3.Faculty.getFacultyId(Faculty.java:23)
at homework.ch11_13.p3.Faculty.getFacultyId(Faculty.java:23)
at homework.ch11_13.p3.Faculty.getFacultyId(Faculty.java:23)
at homework.ch11_13.p3.Faculty.getFacultyId(Faculty.java:23)
at homework.ch11_13.p3.Faculty.getFacultyId(Faculty.java:23)
at homework.ch11_13.p3.Faculty.getFacultyId(Faculty.java:23)
at homework.ch11_13.p3.Faculty.getFacultyId(Faculty.java:23)
at homework.ch11_13.p3.Faculty.getFacultyId(Faculty.java:23)
at homework.ch11_13.p3.Faculty.getFacultyId(Faculty.java:23)
at homework.ch11_13.p3.Faculty.getFacultyId(Faculty.java:23)
at homework.ch11_13.p3.Faculty.getFacultyId(Faculty.java:23)
at homework.ch11_13.p3.Faculty.getFacultyId(Faculty.java:23)
at homework.ch11_13.p3.Faculty.getFacultyId(Faculty.java:23)
at homework.ch11_13.p3.Faculty.getFacultyId(Faculty.java:23)
at homework.ch11_13.p3.Faculty.getFacultyId(Faculty.java:23)
at homework.ch11_13.p3.Faculty.getFacultyId(Faculty.java:23)
at homework.ch11_13.p3.Faculty.getFacultyId(Faculty.java:23)
at homework.ch11_13.p3.Faculty.getFacultyId(Faculty.java:23)
at homework.ch11_13.p3.Faculty.getFacultyId(Faculty.java:23)
at homework.ch11_13.p3.Faculty.getFacultyId(Faculty.java:23)
at homework.ch11_13.p3.Faculty.getFacultyId(Faculty.java:23)
at homework.ch11_13.p3.Faculty.getFacultyId(Faculty.java:23)
at homework.ch11_13.p3.Faculty.getFacultyId(Faculty.java:23)
at homework.ch11_13.p3.Faculty.getFacultyId(Faculty.java:23)
at homework.ch11_13.p3.Faculty.getFacultyId(Faculty.java:23)
at homework.ch11_13.p3.Faculty.getFacultyId(Faculty.java:23)
at homework.ch11_13.p3.Faculty.getFacultyId(Faculty.java:23)
at homework.ch11_13.p3.Faculty.getFacultyId(Faculty.java:23)
at homework.ch11_13.p3.Faculty.getFacultyId(Faculty.java:23)
at homework.ch11_13.p3.Faculty.getFacultyId(Faculty.java:23)
at homework.ch11_13.p3.Faculty.getFacultyId(Faculty.java:23)
at homework.ch11_13.p3.Faculty.getFacultyId(Faculty.java:23)
at homework.ch11_13.p3.Faculty.getFacultyId(Faculty.java:23)
at homework.ch11_13.p3.Faculty.getFacultyId(Faculty.java:23)
at homework.ch11_13.p3.Faculty.getFacultyId(Faculty.java:23)
at homework.ch11_13.p3.Faculty.getFacultyId(Faculty.java:23)
at homework.ch11_13.p3.Faculty.getFacultyId(Faculty.java:23)
at homework.ch11_13.p3.Faculty.getFacultyId(Faculty.java:23)
at homework.ch11_13.p3.Faculty.getFacultyId(Faculty.java:23)
at homework.ch11_13.p3.Faculty.getFacultyId(Faculty.java:23)
at homework.ch11_13.p3.Faculty.getFacultyId(Faculty.java:23)
at homework.ch11_13.p3.Faculty.getFacultyId(Faculty.java:23)
at homework.ch11_13.p3.Faculty.getFacultyId(Faculty.java:23)
at homework.ch11_13.p3.Faculty.getFacultyId(Faculty.java:23)
at homework.ch11_13.p3.Faculty.getFacultyId(Faculty.java:23)
at homework.ch11_13.p3.Faculty.getFacultyId(Faculty.java:23)
at homework.ch11_13.p3.Faculty.getFacultyId(Faculty.java:23)
at homework.ch11_13.p3.Faculty.getFacultyId(Faculty.java:23)
at homework.ch11_13.p3.Faculty.getFacultyId(Faculty.java:23)
at homework.ch11_13.p3.Faculty.getFacultyId(Faculty.java:23)
at homework.ch11_13.p3.Faculty.getFacultyId(Faculty.java:23)
at homework.ch11_13.p3.Faculty.getFacultyId(Faculty.java:23)
at homework.ch11_13.p3.Faculty.getFacultyId(Faculty.java:23)
at homework.ch11_13.p3.Faculty.getFacultyId(Faculty.java:23)
at homework.ch11_13.p3.Faculty.getFacultyId(Faculty.java:23)
at homework.ch11_13.p3.Faculty.getFacultyId(Faculty.java:23)
at homework.ch11_13.p3.Faculty.getFacultyId(Faculty.java:23)
at homework.ch11_13.p3.Faculty.getFacultyId(Faculty.java:23)
at homework.ch11_13.p3.Faculty.getFacultyId(Faculty.java:23)
at homework.ch11_13.p3.Faculty.getFacultyId(Faculty.java:23)
at homework.ch11_13.p3.Faculty.getFacultyId(Faculty.java:23)
at homework.ch11_13.p3.Faculty.getFacultyId(Faculty.java:23)
at homework.ch11_13.p3.Faculty.getFacultyId(Faculty.java:23)
at homework.ch11_13.p3.Faculty.getFacultyId(Faculty.java:23)
at homework.ch11_13.p3.Faculty.getFacultyId(Faculty.java:23)
at homework.ch11_13.p3.Faculty.getFacultyId(Faculty.java:23)
at homework.ch11_13.p3.Faculty.getFacultyId(Faculty.java:23)
at homework.ch11_13.p3.Faculty.getFacultyId(Faculty.java:23)
at homework.ch11_13.p3.Faculty.getFacultyId(Faculty.java:23)
at homework.ch11_13.p3.Faculty.getFacultyId(Faculty.java:23)
at homework.ch11_13.p3.Faculty.getFacultyId(Faculty.java:23)
at homework.ch11_13.p3.Faculty.getFacultyId(Faculty.java:23)
at homework.ch11_13.p3.Faculty.getFacultyId(Faculty.java:23)
at homework.ch11_13.p3.Faculty.getFacultyId(Faculty.java:23)
at homework.ch11_13.p3.Faculty.getFacultyId(Faculty.java:23)
at homework.ch11_13.p3.Faculty.getFacultyId(Faculty.java:23)
at homework.ch11_13.p3.Faculty.getFacultyId(Faculty.java:23)
at homework.ch11_13.p3.Faculty.getFacultyId(Faculty.java:23)
at homework.ch11_13.p3.Faculty.getFacultyId(Faculty.java:23)
at homework.ch11_13.p3.Faculty.getFacultyId(Faculty.java:23)
at homework.ch11_13.p3.Faculty.getFacultyId(Faculty.java:23)
at homework.ch11_13.p3.Faculty.getFacultyId(Faculty.java:23)
at homework.ch11_13.p3.Faculty.getFacultyId(Faculty.java:23)
at homework.ch11_13.p3.Faculty.getFacultyId(Faculty.java:23)
at homework.ch11_13.p3.Faculty.getFacultyId(Faculty.java:23)
at homework.ch11_13.p3.Faculty.getFacultyId(Faculty.java:23)
at homework.ch11_13.p3.Faculty.getFacultyId(Faculty.java:23)
at homework.ch11_13.p3.Faculty.getFacultyId(Faculty.java:23)
at homework.ch11_13.p3.Faculty.getFacultyId(Faculty.java:23)
at homework.ch11_13.p3.Faculty.getFacultyId(Faculty.java:23)
at homework.ch11_13.p3.Faculty.getFacultyId(Faculty.java:23)
at homework.ch11_13.p3.Faculty.getFacultyId(Faculty.java:23)
at homework.ch11_13.p3.Faculty.getFacultyId(Faculty.java:23)
at homework.ch11_13.p3.Faculty.getFacultyId(Faculty.java:23)
at homework.ch11_13.p3.Faculty.getFacultyId(Faculty.java:23)
at homework.ch11_13.p3.Faculty.getFacultyId(Faculty.java:23)
at homework.ch11_13.p3.Faculty.getFacultyId(Faculty.java:23)
at homework.ch11_13.p3.Faculty.getFacultyId(Faculty.java:23)
at homework.ch11_13.p3.Faculty.getFacultyId(Faculty.java:23)
at homework.ch11_13.p3.Faculty.getFacultyId(Faculty.java:23)
at homework.ch11_13.p3.Faculty.getFacultyId(Faculty.java:23)
at homework.ch11_13.p3.Faculty.getFacultyId(Faculty.java:23)
at homework.ch11_13.p3.Faculty.getFacultyId(Faculty.java:23)
at homework.ch11_13.p3.Faculty.getFacultyId(Faculty.java:23)
at homework.ch11_13.p3.Faculty.getFacultyId(Faculty.java:23)
at homework.ch11_13.p3.Faculty.getFacultyId(Faculty.java:23)
at homework.ch11_13.p3.Faculty.getFacultyId(Faculty.java:23)
at homework.ch11_13.p3.Faculty.getFacultyId(Faculty.java:23)
at homework.ch11_13.p3.Faculty.getFacultyId(Faculty.java:23)
at homework.ch11_13.p3.Faculty.getFacultyId(Faculty.java:23)
at homework.ch11_13.p3.Faculty.getFacultyId(Faculty.java:23)
at homework.ch11_13.p3.Faculty.getFacultyId(Faculty.java:23)
at homework.ch11_13.p3.Faculty.getFacultyId(Faculty.java:23)
at homework.ch11_13.p3.Faculty.getFacultyId(Faculty.java:23)
at homework.ch11_13.p3.Faculty.getFacultyId(Faculty.java:23)
at homework.ch11_13.p3.Faculty.getFacultyId(Faculty.java:23)
at homework.ch11_13.p3.Faculty.getFacultyId(Faculty.java:23)
at homework.ch11_13.p3.Faculty.getFacultyId(Faculty.java:23)
at homework.ch11_13.p3.Faculty.getFacultyId(Faculty.java:23)
at homework.ch11_13.p3.Faculty.getFacultyId(Faculty.java:23)
at homework.ch11_13.p3.Faculty.getFacultyId(Faculty.java:23)
at homework.ch11_13.p3.Faculty.getFacultyId(Faculty.java:23)
at homework.ch11_13.p3.Faculty.getFacultyId(Faculty.java:23)
at homework.ch11_13.p3.Faculty.getFacultyId(Faculty.java:23)
at homework.ch11_13.p3.Faculty.getFacultyId(Faculty.java:23)
at homework.ch11_13.p3.Faculty.getFacultyId(Faculty.java:23)
at homework.ch11_13.p3.Faculty.getFacultyId(Faculty.java:23)
at homework.ch11_13.p3.Faculty.getFacultyId(Faculty.java:23)
at homework.ch11_13.p3.Faculty.getFacultyId(Faculty.java:23)
at homework.ch11_13.p3.Faculty.getFacultyId(Faculty.java:23)
at homework.ch11_13.p3.Faculty.getFacultyId(Faculty.java:23)
at homework.ch11_13.p3.Faculty.getFacultyId(Faculty.java:23)
at homework.ch11_13.p3.Faculty.getFacultyId(Faculty.java:23)
at homework.ch11_13.p3.Faculty.getFacultyId(Faculty.java:23)
at homework.ch11_13.p3.Faculty.getFacultyId(Faculty.java:23)
at homework.ch11_13.p3.Faculty.getFacultyId(Faculty.java:23)
at homework.ch11_13.p3.Faculty.getFacultyId(Faculty.java:23)
at homework.ch11_13.p3.Faculty.getFacultyId(Faculty.java:23)
at homework.ch11_13.p3.Faculty.getFacultyId(Faculty.java:23)
at homework.ch11_13.p3.Faculty.getFacultyId(Faculty.java:23)
at homework.ch11_13.p3.Faculty.getFacultyId(Faculty.java:23)
at homework.ch11_13.p3.Faculty.getFacultyId(Faculty.java:23)
at homework.ch11_13.p3.Faculty.getFacultyId(Faculty.java:23)
at homework.ch11_13.p3.Faculty.getFacultyId(Faculty.java:23)
at homework.ch11_13.p3.Faculty.getFacultyId(Faculty.java:23)
at homework.ch11_13.p3.Faculty.getFacultyId(Faculty.java:23)
at homework.ch11_13.p3.Faculty.getFacultyId(Faculty.java:23)
at homework.ch11_13.p3.Faculty.getFacultyId(Faculty.java:23)
at homework.ch11_13.p3.Faculty.getFacultyId(Faculty.java:23)
at homework.ch11_13.p3.Faculty.getFacultyId(Faculty.java:23)
at homework.ch11_13.p3.Faculty.getFacultyId(Faculty.java:23)
at homework.ch11_13.p3.Faculty.getFacultyId(Faculty.java:23)
at homework.ch11_13.p3.Faculty.getFacultyId(Faculty.java:23)
at homework.ch11_13.p3.Faculty.getFacultyId(Faculty.java:23)
at homework.ch11_13.p3.Faculty.getFacultyId(Faculty.java:23)
at homework.ch11_13.p3.Faculty.getFacultyId(Faculty.java:23)
at homework.ch11_13.p3.Faculty.getFacultyId(Faculty.java:23)
at homework.ch11_13.p3.Faculty.getFacultyId(Faculty.java:23)
at homework.ch11_13.p3.Faculty.getFacultyId(Faculty.java:23)
at homework.ch11_13.p3.Faculty.getFacultyId(Faculty.java:23)
at homework.ch11_13.p3.Faculty.getFacultyId(Faculty.java:23)
at homework.ch11_13.p3.Faculty.getFacultyId(Faculty.java:23)
at homework.ch11_13.p3.Faculty.getFacultyId(Faculty.java:23)
at homework.ch11_13.p3.Faculty.getFacultyId(Faculty.java:23)
at homework.ch11_13.p3.Faculty.getFacultyId(Faculty.java:23)
at homework.ch11_13.p3.Faculty.getFacultyId(Faculty.java:23)
at homework.ch11_13.p3.Faculty.getFacultyId(Faculty.java:23)
at homework.ch11_13.p3.Faculty.getFacultyId(Faculty.java:23)
at homework.ch11_13.p3.Faculty.getFacultyId(Faculty.java:23)
at homework.ch11_13.p3.Faculty.getFacultyId(Faculty.java:23)
at homework.ch11_13.p3.Faculty.getFacultyId(Faculty.java:23)
at homework.ch11_13.p3.Faculty.getFacultyId(Faculty.java:23)
at homework.ch11_13.p3.Faculty.getFacultyId(Faculty.java:23)
at homework.ch11_13.p3.Faculty.getFacultyId(Faculty.java:23)
at homework.ch11_13.p3.Faculty.getFacultyId(Faculty.java:23)
at homework.ch11_13.p3.Faculty.getFacultyId(Faculty.java:23)
at homework.ch11_13.p3.Faculty.getFacultyId(Faculty.java:23)
at homework.ch11_13.p3.Faculty.getFacultyId(Faculty.java:23)
at homework.ch11_13.p3.Faculty.getFacultyId(Faculty.java:23)
at homework.ch11_13.p3.Faculty.getFacultyId(Faculty.java:23)
at homework.ch11_13.p3.Faculty.getFacultyId(Faculty.java:23)
at homework.ch11_13.p3.Faculty.getFacultyId(Faculty.java:23)
at homework.ch11_13.p3.Faculty.getFacultyId(Faculty.java:23)
at homework.ch11_13.p3.Faculty.getFacultyId(Faculty.java:23)
at homework.ch11_13.p3.Faculty.getFacultyId(Faculty.java:23)
at homework.ch11_13.p3.Faculty.getFacultyId(Faculty.java:23)
at homework.ch11_13.p3.Faculty.getFacultyId(Faculty.java:23)
at homework.ch11_13.p3.Faculty.getFacultyId(Faculty.java:23)
at homework.ch11_13.p3.Faculty.getFacultyId(Faculty.java:23)
at homework.ch11_13.p3.Faculty.getFacultyId(Faculty.java:23)
at homework.ch11_13.p3.Faculty.getFacultyId(Faculty.java:23)
at homework.ch11_13.p3.Faculty.getFacultyId(Faculty.java:23)
at homework.ch11_13.p3.Faculty.getFacultyId(Faculty.java:23)
at homework.ch11_13.p3.Faculty.getFacultyId(Faculty.java:23)
at homework.ch11_13.p3.Faculty.getFacultyId(Faculty.java:23)
at homework.ch11_13.p3.Faculty.getFacultyId(Faculty.java:23)
at homework.ch11_13.p3.Faculty.getFacultyId(Faculty.java:23)
at homework.ch11_13.p3.Faculty.getFacultyId(Faculty.java:23)
at homework.ch11_13.p3.Faculty.getFacultyId(Faculty.java:23)
at homework.ch11_13.p3.Faculty.getFacultyId(Faculty.java:23)
at homework.ch11_13.p3.Faculty.getFacultyId(Faculty.java:23)
at homework.ch11_13.p3.Faculty.getFacultyId(Faculty.java:23)
at homework.ch11_13.p3.Faculty.getFacultyId(Faculty.java:23)
at homework.ch11_13.p3.Faculty.getFacultyId(Faculty.java:23)
at homework.ch11_13.p3.Faculty.getFacultyId(Faculty.java:23)
at homework.ch11_13.p3.Faculty.getFacultyId(Faculty.java:23)
at homework.ch11_13.p3.Faculty.getFacultyId(Faculty.java:23)
at homework.ch11_13.p3.Faculty.getFacultyId(Faculty.java:23)
at homework.ch11_13.p3.Faculty.getFacultyId(Faculty.java:23)
at homework.ch11_13.p3.Faculty.getFacultyId(Faculty.java:23)
at homework.ch11_13.p3.Faculty.getFacultyId(Faculty.java:23)
at homework.ch11_13.p3.Faculty.getFacultyId(Faculty.java:23)
at homework.ch11_13.p3.Faculty.getFacultyId(Faculty.java:23)
at homework.ch11_13.p3.Faculty.getFacultyId(Faculty.java:23)
at homework.ch11_13.p3.Faculty.getFacultyId(Faculty.java:23)
at homework.ch11_13.p3.Faculty.getFacultyId(Faculty.java:23)
at homework.ch11_13.p3.Faculty.getFacultyId(Faculty.java:23)
at homework.ch11_13.p3.Faculty.getFacultyId(Faculty.java:23)
at homework.ch11_13.p3.Faculty.getFacultyId(Faculty.java:23)
at homework.ch11_13.p3.Faculty.getFacultyId(Faculty.java:23)
at homework.ch11_13.p3.Faculty.getFacultyId(Faculty.java:23)
at homework.ch11_13.p3.Faculty.getFacultyId(Faculty.java:23)
at homework.ch11_13.p3.Faculty.getFacultyId(Faculty.java:23)
at homework.ch11_13.p3.Faculty.getFacultyId(Faculty.java:23)
at homework.ch11_13.p3.Faculty.getFacultyId(Faculty.java:23)
at homework.ch11_13.p3.Faculty.getFacultyId(Faculty.java:23)
at homework.ch11_13.p3.Faculty.getFacultyId(Faculty.java:23)
at homework.ch11_13.p3.Faculty.getFacultyId(Faculty.java:23)
at homework.ch11_13.p3.Faculty.getFacultyId(Faculty.java:23)
at homework.ch11_13.p3.Faculty.getFacultyId(Faculty.java:23)
at homework.ch11_13.p3.Faculty.getFacultyId(Faculty.java:23)
at homework.ch11_13.p3.Faculty.getFacultyId(Faculty.java:23)
at homework.ch11_13.p3.Faculty.getFacultyId(Faculty.java:23)
at homework.ch11_13.p3.Faculty.getFacultyId(Faculty.java:23)
at homework.ch11_13.p3.Faculty.getFacultyId(Faculty.java:23)
at homework.ch11_13.p3.Faculty.getFacultyId(Faculty.java:23)
at homework.ch11_13.p3.Faculty.getFacultyId(Faculty.java:23)
at homework.ch11_13.p3.Faculty.getFacultyId(Faculty.java:23)
at homework.ch11_13.p3.Faculty.getFacultyId(Faculty.java:23)
at homework.ch11_13.p3.Faculty.getFacultyId(Faculty.java:23)
at homework.ch11_13.p3.Faculty.getFacultyId(Faculty.java:23)
at homework.ch11_13.p3.Faculty.getFacultyId(Faculty.java:23)
at homework.ch11_13.p3.Faculty.getFacultyId(Faculty.java:23)
at homework.ch11_13.p3.Faculty.getFacultyId(Faculty.java:23)
at homework.ch11_13.p3.Faculty.getFacultyId(Faculty.java:23)
at homework.ch11_13.p3.Faculty.getFacultyId(Faculty.java:23)
at homework.ch11_13.p3.Faculty.getFacultyId(Faculty.java:23)
at homework.ch11_13.p3.Faculty.getFacultyId(Faculty.java:23)
at homework.ch11_13.p3.Faculty.getFacultyId(Faculty.java:23)
at homework.ch11_13.p3.Faculty.getFacultyId(Faculty.java:23)
at homework.ch11_13.p3.Faculty.getFacultyId(Faculty.java:23)
at homework.ch11_13.p3.Faculty.getFacultyId(Faculty.java:23)
at homework.ch11_13.p3.Faculty.getFacultyId(Faculty.java:23)
at homework.ch11_13.p3.Faculty.getFacultyId(Faculty.java:23)
at homework.ch11_13.p3.Faculty.getFacultyId(Faculty.java:23)
at homework.ch11_13.p3.Faculty.getFacultyId(Faculty.java:23)
at homework.ch11_13.p3.Faculty.getFacultyId(Faculty.java:23)
at homework.ch11_13.p3.Faculty.getFacultyId(Faculty.java:23)
at homework.ch11_13.p3.Faculty.getFacultyId(Faculty.java:23)
at homework.ch11_13.p3.Faculty.getFacultyId(Faculty.java:23)
at homework.ch11_13.p3.Faculty.getFacultyId(Faculty.java:23)
at homework.ch11_13.p3.Faculty.getFacultyId(Faculty.java:23)
at homework.ch11_13.p3.Faculty.getFacultyId(Faculty.java:23)
at homework.ch11_13.p3.Faculty.getFacultyId(Faculty.java:23)
at homework.ch11_13.p3.Faculty.getFacultyId(Faculty.java:23)
at homework.ch11_13.p3.Faculty.getFacultyId(Faculty.java:23)
at homework.ch11_13.p3.Faculty.getFacultyId(Faculty.java:23)
at homework.ch11_13.p3.Faculty.getFacultyId(Faculty.java:23)
at homework.ch11_13.p3.Faculty.getFacultyId(Faculty.java:23)
at homework.ch11_13.p3.Faculty.getFacultyId(Faculty.java:23)
at homework.ch11_13.p3.Faculty.getFacultyId(Faculty.java:23)
at homework.ch11_13.p3.Faculty.getFacultyId(Faculty.java:23)
at homework.ch11_13.p3.Faculty.getFacultyId(Faculty.java:23)
at homework.ch11_13.p3.Faculty.getFacultyId(Faculty.java:23)
at homework.ch11_13.p3.Faculty.getFacultyId(Faculty.java:23)
at homework.ch11_13.p3.Faculty.getFacultyId(Faculty.java:23)
at homework.ch11_13.p3.Faculty.getFacultyId(Faculty.java:23)
at homework.ch11_13.p3.Faculty.getFacultyId(Faculty.java:23)
at homework.ch11_13.p3.Faculty.getFacultyId(Faculty.java:23)
at homework.ch11_13.p3.Faculty.getFacultyId(Faculty.java:23)
at homework.ch11_13.p3.Faculty.getFacultyId(Faculty.java:23)
at homework.ch11_13.p3.Faculty.getFacultyId(Faculty.java:23)
at homework.ch11_13.p3.Faculty.getFacultyId(Faculty.java:23)
at homework.ch11_13.p3.Faculty.getFacultyId(Faculty.java:23)
at homework.ch11_13.p3.Faculty.getFacultyId(Faculty.java:23)
at homework.ch11_13.p3.Faculty.getFacultyId(Faculty.java:23)
at homework.ch11_13.p3.Faculty.getFacultyId(Faculty.java:23)
at homework.ch11_13.p3.Faculty.getFacultyId(Faculty.java:23)
at homework.ch11_13.p3.Faculty.getFacultyId(Faculty.java:23)
at homework.ch11_13.p3.Faculty.getFacultyId(Faculty.java:23)
at homework.ch11_13.p3.Faculty.getFacultyId(Faculty.java:23)
at homework.ch11_13.p3.Faculty.getFacultyId(Faculty.java:23)
at homework.ch11_13.p3.Faculty.getFacultyId(Faculty.java:23)
at homework.ch11_13.p3.Faculty.getFacultyId(Faculty.java:23)
at homework.ch11_13.p3.Faculty.getFacultyId(Faculty.java:23)
at homework.ch11_13.p3.Faculty.getFacultyId(Faculty.java:23)
at homework.ch11_13.p3.Faculty.getFacultyId(Faculty.java:23)
at homework.ch11_13.p3.Faculty.getFacultyId(Faculty.java:23)
at homework.ch11_13.p3.Faculty.getFacultyId(Faculty.java:23)
at homework.ch11_13.p3.Faculty.getFacultyId(Faculty.java:23)
at homework.ch11_13.p3.Faculty.getFacultyId(Faculty.java:23)
at homework.ch11_13.p3.Faculty.getFacultyId(Faculty.java:23)
at homework.ch11_13.p3.Faculty.getFacultyId(Faculty.java:23)
at homework.ch11_13.p3.Faculty.getFacultyId(Faculty.java:23)
at homework.ch11_13.p3.Faculty.getFacultyId(Faculty.java:23)
at homework.ch11_13.p3.Faculty.getFacultyId(Faculty.java:23)
at homework.ch11_13.p3.Faculty.getFacultyId(Faculty.java:23)
at homework.ch11_13.p3.Faculty.getFacultyId(Faculty.java:23)
at homework.ch11_13.p3.Faculty.getFacultyId(Faculty.java:23)
at homework.ch11_13.p3.Faculty.getFacultyId(Faculty.java:23)
at homework.ch11_13.p3.Faculty.getFacultyId(Faculty.java:23)
at homework.ch11_13.p3.Faculty.getFacultyId(Faculty.java:23)
at homework.ch11_13.p3.Faculty.getFacultyId(Faculty.java:23)
at homework.ch11_13.p3.Faculty.getFacultyId(Faculty.java:23)
at homework.ch11_13.p3.Faculty.getFacultyId(Faculty.java:23)
at homework.ch11_13.p3.Faculty.getFacultyId(Faculty.java:23)
at homework.ch11_13.p3.Faculty.getFacultyId(Faculty.java:23)
at homework.ch11_13.p3.Faculty.getFacultyId(Faculty.java:23)
at homework.ch11_13.p3.Faculty.getFacultyId(Faculty.java:23)
at homework.ch11_13.p3.Faculty.getFacultyId(Faculty.java:23)
at homework.ch11_13.p3.Faculty.getFacultyId(Faculty.java:23)
at homework.ch11_13.p3.Faculty.getFacultyId(Faculty.java:23)
at homework.ch11_13.p3.Faculty.getFacultyId(Faculty.java:23)
at homework.ch11_13.p3.Faculty.getFacultyId(Faculty.java:23)
at homework.ch11_13.p3.Faculty.getFacultyId(Faculty.java:23)
at homework.ch11_13.p3.Faculty.getFacultyId(Faculty.java:23)
at homework.ch11_13.p3.Faculty.getFacultyId(Faculty.java:23)
at homework.ch11_13.p3.Faculty.getFacultyId(Faculty.java:23)
at homework.ch11_13.p3.Faculty.getFacultyId(Faculty.java:23)
at homework.ch11_13.p3.Faculty.getFacultyId(Faculty.java:23)
at homework.ch11_13.p3.Faculty.getFacultyId(Faculty.java:23)
at homework.ch11_13.p3.Faculty.getFacultyId(Faculty.java:23)
at homework.ch11_13.p3.Faculty.getFacultyId(Faculty.java:23)
at homework.ch11_13.p3.Faculty.getFacultyId(Faculty.java:23)
at homework.ch11_13.p3.Faculty.getFacultyId(Faculty.java:23)
at homework.ch11_13.p3.Faculty.getFacultyId(Faculty.java:23)
at homework.ch11_13.p3.Faculty.getFacultyId(Faculty.java:23)
at homework.ch11_13.p3.Faculty.getFacultyId(Faculty.java:23)
at homework.ch11_13.p3.Faculty.getFacultyId(Faculty.java:23)
at homework.ch11_13.p3.Faculty.getFacultyId(Faculty.java:23)
at homework.ch11_13.p3.Faculty.getFacultyId(Faculty.java:23)
at homework.ch11_13.p3.Faculty.getFacultyId(Faculty.java:23)
at homework.ch11_13.p3.Faculty.getFacultyId(Faculty.java:23)
at homework.ch11_13.p3.Faculty.getFacultyId(Faculty.java:23)
at homework.ch11_13.p3.Faculty.getFacultyId(Faculty.java:23)
at homework.ch11_13.p3.Faculty.getFacultyId(Faculty.java:23)
at homework.ch11_13.p3.Faculty.getFacultyId(Faculty.java:23)
at homework.ch11_13.p3.Faculty.getFacultyId(Faculty.java:23)
at homework.ch11_13.p3.Faculty.getFacultyId(Faculty.java:23)
at homework.ch11_13.p3.Faculty.getFacultyId(Faculty.java:23)
at homework.ch11_13.p3.Faculty.getFacultyId(Faculty.java:23)
at homework.ch11_13.p3.Faculty.getFacultyId(Faculty.java:23)
at homework.ch11_13.p3.Faculty.getFacultyId(Faculty.java:23)
at homework.ch11_13.p3.Faculty.getFacultyId(Faculty.java:23)
at homework.ch11_13.p3.Faculty.getFacultyId(Faculty.java:23)
at homework.ch11_13.p3.Faculty.getFacultyId(Faculty.java:23)
at homework.ch11_13.p3.Faculty.getFacultyId(Faculty.java:23)
at homework.ch11_13.p3.Faculty.getFacultyId(Faculty.java:23)
at homework.ch11_13.p3.Faculty.getFacultyId(Faculty.java:23)
at homework.ch11_13.p3.Faculty.getFacultyId(Faculty.java:23)
at homework.ch11_13.p3.Faculty.getFacultyId(Faculty.java:23)
at homework.ch11_13.p3.Faculty.getFacultyId(Faculty.java:23)
at homework.ch11_13.p3.Faculty.getFacultyId(Faculty.java:23)
at homework.ch11_13.p3.Faculty.getFacultyId(Faculty.java:23)
at homework.ch11_13.p3.Faculty.getFacultyId(Faculty.java:23)
at homework.ch11_13.p3.Faculty.getFacultyId(Faculty.java:23)
at homework.ch11_13.p3.Faculty.getFacultyId(Faculty.java:23)
at homework.ch11_13.p3.Faculty.getFacultyId(Faculty.java:23)
at homework.ch11_13.p3.Faculty.getFacultyId(Faculty.java:23)
at homework.ch11_13.p3.Faculty.getFacultyId(Faculty.java:23)
at homework.ch11_13.p3.Faculty.getFacultyId(Faculty.java:23)
at homework.ch11_13.p3.Faculty.getFacultyId(Faculty.java:23)
at homework.ch11_13.p3.Faculty.getFacultyId(Faculty.java:23)
at homework.ch11_13.p3.Faculty.getFacultyId(Faculty.java:23)
at homework.ch11_13.p3.Faculty.getFacultyId(Faculty.java:23)
at homework.ch11_13.p3.Faculty.getFacultyId(Faculty.java:23)
at homework.ch11_13.p3.Faculty.getFacultyId(Faculty.java:23)
at homework.ch11_13.p3.Faculty.getFacultyId(Faculty.java:23)
at homework.ch11_13.p3.Faculty.getFacultyId(Faculty.java:23)
at homework.ch11_13.p3.Faculty.getFacultyId(Faculty.java:23)
at homework.ch11_13.p3.Faculty.getFacultyId(Faculty.java:23)
at homework.ch11_13.p3.Faculty.getFacultyId(Faculty.java:23)
at homework.ch11_13.p3.Faculty.getFacultyId(Faculty.java:23)
at homework.ch11_13.p3.Faculty.getFacultyId(Faculty.java:23)
at homework.ch11_13.p3.Faculty.getFacultyId(Faculty.java:23)
at homework.ch11_13.p3.Faculty.getFacultyId(Faculty.java:23)
at homework.ch11_13.p3.Faculty.getFacultyId(Faculty.java:23)
at homework.ch11_13.p3.Faculty.getFacultyId(Faculty.java:23)
at homework.ch11_13.p3.Faculty.getFacultyId(Faculty.java:23)
at homework.ch11_13.p3.Faculty.getFacultyId(Faculty.java:23)
at homework.ch11_13.p3.Faculty.getFacultyId(Faculty.java:23)
at homework.ch11_13.p3.Faculty.getFacultyId(Faculty.java:23)
at homework.ch11_13.p3.Faculty.getFacultyId(Faculty.java:23)
at homework.ch11_13.p3.Faculty.getFacultyId(Faculty.java:23)
at homework.ch11_13.p3.Faculty.getFacultyId(Faculty.java:23)
at homework.ch11_13.p3.Faculty.getFacultyId(Faculty.java:23)
at homework.ch11_13.p3.Faculty.getFacultyId(Faculty.java:23)
at homework.ch11_13.p3.Faculty.getFacultyId(Faculty.java:23)
at homework.ch11_13.p3.Faculty.getFacultyId(Faculty.java:23)
at homework.ch11_13.p3.Faculty.getFacultyId(Faculty.java:23)
at homework.ch11_13.p3.Faculty.getFacultyId(Faculty.java:23)
at homework.ch11_13.p3.Faculty.getFacultyId(Faculty.java:23)
at homework.ch11_13.p3.Faculty.getFacultyId(Faculty.java:23)
at homework.ch11_13.p3.Faculty.getFacultyId(Faculty.java:23)
at homework.ch11_13.p3.Faculty.getFacultyId(Faculty.java:23)
at homework.ch11_13.p3.Faculty.getFacultyId(Faculty.java:23)
at homework.ch11_13.p3.Faculty.getFacultyId(Faculty.java:23)
at homework.ch11_13.p3.Faculty.getFacultyId(Faculty.java:23)
at homework.ch11_13.p3.Faculty.getFacultyId(Faculty.java:23)
at homework.ch11_13.p3.Faculty.getFacultyId(Faculty.java:23)
at homework.ch11_13.p3.Faculty.getFacultyId(Faculty.java:23)
at homework.ch11_13.p3.Faculty.getFacultyId(Faculty.java:23)
at homework.ch11_13.p3.Faculty.getFacultyId(Faculty.java:23)
at homework.ch11_13.p3.Faculty.getFacultyId(Faculty.java:23)
at homework.ch11_13.p3.Faculty.getFacultyId(Faculty.java:23)
at homework.ch11_13.p3.Faculty.getFacultyId(Faculty.java:23)
at homework.ch11_13.p3.Faculty.getFacultyId(Faculty.java:23)
at homework.ch11_13.p3.Faculty.getFacultyId(Faculty.java:23)
at homework.ch11_13.p3.Faculty.getFacultyId(Faculty.java:23)
at homework.ch11_13.p3.Faculty.getFacultyId(Faculty.java:23)
at homework.ch11_13.p3.Faculty.getFacultyId(Faculty.java:23)
at homework.ch11_13.p3.Faculty.getFacultyId(Faculty.java:23)
at homework.ch11_13.p3.Faculty.getFacultyId(Faculty.java:23)
at homework.ch11_13.p3.Faculty.getFacultyId(Faculty.java:23)
at homework.ch11_13.p3.Faculty.getFacultyId(Faculty.java:23)
at homework.ch11_13.p3.Faculty.getFacultyId(Faculty.java:23)
at homework.ch11_13.p3.Faculty.getFacultyId(Faculty.java:23)
at homework.ch11_13.p3.Faculty.getFacultyId(Faculty.java:23)
at homework.ch11_13.p3.Faculty.getFacultyId(Faculty.java:23)
at homework.ch11_13.p3.Faculty.getFacultyId(Faculty.java:23)
at homework.ch11_13.p3.Faculty.getFacultyId(Faculty.java:23)
at homework.ch11_13.p3.Faculty.getFacultyId(Faculty.java:23)
at homework.ch11_13.p3.Faculty.getFacultyId(Faculty.java:23)
at homework.ch11_13.p3.Faculty.getFacultyId(Faculty.java:23)
at homework.ch11_13.p3.Faculty.getFacultyId(Faculty.java:23)
at homework.ch11_13.p3.Faculty.getFacultyId(Faculty.java:23)
at homework.ch11_13.p3.Faculty.getFacultyId(Faculty.java:23)
at homework.ch11_13.p3.Faculty.getFacultyId(Faculty.java:23)
at homework.ch11_13.p3.Faculty.getFacultyId(Faculty.java:23)
at homework.ch11_13.p3.Faculty.getFacultyId(Faculty.java:23)
at homework.ch11_13.p3.Faculty.getFacultyId(Faculty.java:23)
at homework.ch11_13.p3.Faculty.getFacultyId(Faculty.java:23)
at homework.ch11_13.p3.Faculty.getFacultyId(Faculty.java:23)
at homework.ch11_13.p3.Faculty.getFacultyId(Faculty.java:23)
at homework.ch11_13.p3.Faculty.getFacultyId(Faculty.java:23)
at homework.ch11_13.p3.Faculty.getFacultyId(Faculty.java:23)
at homework.ch11_13.p3.Faculty.getFacultyId(Faculty.java:23)
at homework.ch11_13.p3.Faculty.getFacultyId(Faculty.java:23)
at homework.ch11_13.p3.Faculty.getFacultyId(Faculty.java:23)
at homework.ch11_13.p3.Faculty.getFacultyId(Faculty.java:23)
at homework.ch11_13.p3.Faculty.getFacultyId(Faculty.java:23)
at homework.ch11_13.p3.Faculty.getFacultyId(Faculty.java:23)
at homework.ch11_13.p3.Faculty.getFacultyId(Faculty.java:23)
at homework.ch11_13.p3.Faculty.getFacultyId(Faculty.java:23)
at homework.ch11_13.p3.Faculty.getFacultyId(Faculty.java:23)
at homework.ch11_13.p3.Faculty.getFacultyId(Faculty.java:23)
at homework.ch11_13.p3.Faculty.getFacultyId(Faculty.java:23)
at homework.ch11_13.p3.Faculty.getFacultyId(Faculty.java:23)
at homework.ch11_13.p3.Faculty.getFacultyId(Faculty.java:23)
at homework.ch11_13.p3.Faculty.getFacultyId(Faculty.java:23)
at homework.ch11_13.p3.Faculty.getFacultyId(Faculty.java:23)
at homework.ch11_13.p3.Faculty.getFacultyId(Faculty.java:23)
at homework.ch11_13.p3.Faculty.getFacultyId(Faculty.java:23)
at homework.ch11_13.p3.Faculty.getFacultyId(Faculty.java:23)
at homework.ch11_13.p3.Faculty.getFacultyId(Faculty.java:23)
at homework.ch11_13.p3.Faculty.getFacultyId(Faculty.java:23)
at homework.ch11_13.p3.Faculty.getFacultyId(Faculty.java:23)
at homework.ch11_13.p3.Faculty.getFacultyId(Faculty.java:23)
at homework.ch11_13.p3.Faculty.getFacultyId(Faculty.java:23)
at homework.ch11_13.p3.Faculty.getFacultyId(Faculty.java:23)
at homework.ch11_13.p3.Faculty.getFacultyId(Faculty.java:23)
at homework.ch11_13.p3.Faculty.getFacultyId(Faculty.java:23)
at homework.ch11_13.p3.Faculty.getFacultyId(Faculty.java:23)
at homework.ch11_13.p3.Faculty.getFacultyId(Faculty.java:23)
at homework.ch11_13.p3.Faculty.getFacultyId(Faculty.java:23)
at homework.ch11_13.p3.Faculty.getFacultyId(Faculty.java:23)
at homework.ch11_13.p3.Faculty.getFacultyId(Faculty.java:23)
at homework.ch11_13.p3.Faculty.getFacultyId(Faculty.java:23)
at homework.ch11_13.p3.Faculty.getFacultyId(Faculty.java:23)
at homework.ch11_13.p3.Faculty.getFacultyId(Faculty.java:23)
at homework.ch11_13.p3.Faculty.getFacultyId(Faculty.java:23)
at homework.ch11_13.p3.Faculty.getFacultyId(Faculty.java:23)
at homework.ch11_13.p3.Faculty.getFacultyId(Faculty.java:23)
at homework.ch11_13.p3.Faculty.getFacultyId(Faculty.java:23)
at homework.ch11_13.p3.Faculty.getFacultyId(Faculty.java:23)
at homework.ch11_13.p3.Faculty.getFacultyId(Faculty.java:23)
at homework.ch11_13.p3.Faculty.getFacultyId(Faculty.java:23)
at homework.ch11_13.p3.Faculty.getFacultyId(Faculty.java:23)
at homework.ch11_13.p3.Faculty.getFacultyId(Faculty.java:23)
at homework.ch11_13.p3.Faculty.getFacultyId(Faculty.java:23)
at homework.ch11_13.p3.Faculty.getFacultyId(Faculty.java:23)
at homework.ch11_13.p3.Faculty.getFacultyId(Faculty.java:23)
at homework.ch11_13.p3.Faculty.getFacultyId(Faculty.java:23)
at homework.ch11_13.p3.Faculty.getFacultyId(Faculty.java:23)
at homework.ch11_13.p3.Faculty.getFacultyId(Faculty.java:23)
at homework.ch11_13.p3.Faculty.getFacultyId(Faculty.java:23)
at homework.ch11_13.p3.Faculty.getFacultyId(Faculty.java:23)
at homework.ch11_13.p3.Faculty.getFacultyId(Faculty.java:23)
at homework.ch11_13.p3.Faculty.getFacultyId(Faculty.java:23)
at homework.ch11_13.p3.Faculty.getFacultyId(Faculty.java:23)
at homework.ch11_13.p3.Faculty.getFacultyId(Faculty.java:23)
at homework.ch11_13.p3.Faculty.getFacultyId(Faculty.java:23)
at homework.ch11_13.p3.Faculty.getFacultyId(Faculty.java:23)
at homework.ch11_13.p3.Faculty.getFacultyId(Faculty.java:23)
at homework.ch11_13.p3.Faculty.getFacultyId(Faculty.java:23)
at homework.ch11_13.p3.Faculty.getFacultyId(Faculty.java:23)
at homework.ch11_13.p3.Faculty.getFacultyId(Faculty.java:23)
at homework.ch11_13.p3.Faculty.getFacultyId(Faculty.java:23)
at homework.ch11_13.p3.Faculty.getFacultyId(Faculty.java:23)
at homework.ch11_13.p3.Faculty.getFacultyId(Faculty.java:23)
at homework.ch11_13.p3.Faculty.getFacultyId(Faculty.java:23)
at homework.ch11_13.p3.Faculty.getFacultyId(Faculty.java:23)
at homework.ch11_13.p3.Faculty.getFacultyId(Faculty.java:23)
at homework.ch11_13.p3.Faculty.getFacultyId(Faculty.java:23)
at homework.ch11_13.p3.Faculty.getFacultyId(Faculty.java:23)
at homework.ch11_13.p3.Faculty.getFacultyId(Faculty.java:23)
at homework.ch11_13.p3.Faculty.getFacultyId(Faculty.java:23)
at homework.ch11_13.p3.Faculty.getFacultyId(Faculty.java:23)
at homework.ch11_13.p3.Faculty.getFacultyId(Faculty.java:23)
at homework.ch11_13.p3.Faculty.getFacultyId(Faculty.java:23)
at homework.ch11_13.p3.Faculty.getFacultyId(Faculty.java:23)
at homework.ch11_13.p3.Faculty.getFacultyId(Faculty.java:23)
at homework.ch11_13.p3.Faculty.getFacultyId(Faculty.java:23)
at homework.ch11_13.p3.Faculty.getFacultyId(Faculty.java:23)
at homework.ch11_13.p3.Faculty.getFacultyId(Faculty.java:23)
at homework.ch11_13.p3.Faculty.getFacultyId(Faculty.java:23)
at homework.ch11_13.p3.Faculty.getFacultyId(Faculty.java:23)
at homework.ch11_13.p3.Faculty.getFacultyId(Faculty.java:23)
at homework.ch11_13.p3.Faculty.getFacultyId(Faculty.java:23)
at homework.ch11_13.p3.Faculty.getFacultyId(Faculty.java:23)
at homework.ch11_13.p3.Faculty.getFacultyId(Faculty.java:23)
at homework.ch11_13.p3.Faculty.getFacultyId(Faculty.java:23)
at homework.ch11_13.p3.Faculty.getFacultyId(Faculty.java:23)
at homework.ch11_13.p3.Faculty.getFacultyId(Faculty.java:23)
at homework.ch11_13.p3.Faculty.getFacultyId(Faculty.java:23)
at homework.ch11_13.p3.Faculty.getFacultyId(Faculty.java:23)
at homework.ch11_13.p3.Faculty.getFacultyId(Faculty.java:23)
at homework.ch11_13.p3.Faculty.getFacultyId(Faculty.java:23)
at homework.ch11_13.p3.Faculty.getFacultyId(Faculty.java:23)
at homework.ch11_13.p3.Faculty.getFacultyId(Faculty.java:23)
at homework.ch11_13.p3.Faculty.getFacultyId(Faculty.java:23)
at homework.ch11_13.p3.Faculty.getFacultyId(Faculty.java:23)
at homework.ch11_13.p3.Faculty.getFacultyId(Faculty.java:23)
at homework.ch11_13.p3.Faculty.getFacultyId(Faculty.java:23)
at homework.ch11_13.p3.Faculty.getFacultyId(Faculty.java:23)
at homework.ch11_13.p3.Faculty.getFacultyId(Faculty.java:23)
at homework.ch11_13.p3.Faculty.getFacultyId(Faculty.java:23)
at homework.ch11_13.p3.Faculty.getFacultyId(Faculty.java:23)
at homework.ch11_13.p3.Faculty.getFacultyId(Faculty.java:23)
at homework.ch11_13.p3.Faculty.getFacultyId(Faculty.java:23)
at homework.ch11_13.p3.Faculty.getFacultyId(Faculty.java:23)
at homework.ch11_13.p3.Faculty.getFacultyId(Faculty.java:23)
at homework.ch11_13.p3.Faculty.getFacultyId(Faculty.java:23)
at homework.ch11_13.p3.Faculty.getFacultyId(Faculty.java:23)
at homework.ch11_13.p3.Faculty.getFacultyId(Faculty.java:23)
at homework.ch11_13.p3.Faculty.getFacultyId(Faculty.java:23)
at homework.ch11_13.p3.Faculty.getFacultyId(Faculty.java:23)
at homework.ch11_13.p3.Faculty.getFacultyId(Faculty.java:23)
at homework.ch11_13.p3.Faculty.getFacultyId(Faculty.java:23)
at homework.ch11_13.p3.Faculty.getFacultyId(Faculty.java:23)
at homework.ch11_13.p3.Faculty.getFacultyId(Faculty.java:23)
at homework.ch11_13.p3.Faculty.getFacultyId(Faculty.java:23)
at homework.ch11_13.p3.Faculty.getFacultyId(Faculty.java:23)
at homework.ch11_13.p3.Faculty.getFacultyId(Faculty.java:23)
at homework.ch11_13.p3.Faculty.getFacultyId(Faculty.java:23)
at homework.ch11_13.p3.Faculty.getFacultyId(Faculty.java:23)
at homework.ch11_13.p3.Faculty.getFacultyId(Faculty.java:23)
at homework.ch11_13.p3.Faculty.getFacultyId(Faculty.java:23)
at homework.ch11_13.p3.Faculty.getFacultyId(Faculty.java:23)
at homework.ch11_13.p3.Faculty.getFacultyId(Faculty.java:23)
at homework.ch11_13.p3.Faculty.getFacultyId(Faculty.java:23)
at homework.ch11_13.p3.Faculty.getFacultyId(Faculty.java:23)
at homework.ch11_13.p3.Faculty.getFacultyId(Faculty.java:23)
at homework.ch11_13.p3.Faculty.getFacultyId(Faculty.java:23)
at homework.ch11_13.p3.Faculty.getFacultyId(Faculty.java:23)
at homework.ch11_13.p3.Faculty.getFacultyId(Faculty.java:23)
]]>
    </error>
  </testcase> <!-- testSetFacultyId -->
  <testcase classname="homework.ch11_13.FacultyTest" name="testSetTitle" time="0.000"/>
  <testcase classname="homework.ch11_13.FacultyTest" name="testTestToString" time="0.001"/>
  <testcase classname="homework.ch11_13.FacultyTest" name="testTestEquals" time="0.000"/>
  <testcase classname="homework.ch11_13.FacultyTest" name="testTestEquals" time="0.000"/>
  <testcase classname="homework.ch11_13.FacultyTest" name="testTestEquals" time="0.000"/>
  <testcase classname="homework.ch11_13.FacultyTest" name="testGetTitle" time="0.000"/>
  <testcase classname="homework.ch11_13.FacultyTest" name="testSetEmail" time="0.000"/>
</testsuite> <!-- homework.ch11_13.FacultyTest -->
